{"/Users/chipmcallister/Projects/PlayPBNow/components/BrandedIcon.tsx": {"path":"/Users/chipmcallister/Projects/PlayPBNow/components/BrandedIcon.tsx","statementMap":{"0":{"start":{"line":19,"column":48},"end":{"line":85,"column":1}},"1":{"start":{"line":96,"column":15},"end":{"line":96,"column":29}},"2":{"start":{"line":97,"column":2},"end":{"line":102,"column":3}},"3":{"start":{"line":98,"column":4},"end":{"line":100,"column":5}},"4":{"start":{"line":99,"column":6},"end":{"line":99,"column":58}},"5":{"start":{"line":101,"column":4},"end":{"line":101,"column":16}},"6":{"start":{"line":103,"column":2},"end":{"line":110,"column":3}},"7":{"start":{"line":104,"column":21},"end":{"line":104,"column":44}},"8":{"start":{"line":105,"column":4},"end":{"line":109,"column":6}},"9":{"start":{"line":111,"column":2},"end":{"line":111,"column":70}}},"fnMap":{"0":{"name":"BrandedIcon","decl":{"start":{"line":95,"column":16},"end":{"line":95,"column":27}},"loc":{"start":{"line":95,"column":110},"end":{"line":112,"column":1}},"line":95}},"branchMap":{"0":{"loc":{"start":{"line":95,"column":36},"end":{"line":95,"column":45}},"type":"default-arg","locations":[{"start":{"line":95,"column":43},"end":{"line":95,"column":45}}],"line":95},"1":{"loc":{"start":{"line":95,"column":47},"end":{"line":95,"column":64}},"type":"default-arg","locations":[{"start":{"line":95,"column":55},"end":{"line":95,"column":64}}],"line":95},"2":{"loc":{"start":{"line":95,"column":66},"end":{"line":95,"column":81}},"type":"default-arg","locations":[{"start":{"line":95,"column":80},"end":{"line":95,"column":81}}],"line":95},"3":{"loc":{"start":{"line":97,"column":2},"end":{"line":102,"column":3}},"type":"if","locations":[{"start":{"line":97,"column":2},"end":{"line":102,"column":3}},{"start":{},"end":{}}],"line":97},"4":{"loc":{"start":{"line":98,"column":4},"end":{"line":100,"column":5}},"type":"if","locations":[{"start":{"line":98,"column":4},"end":{"line":100,"column":5}},{"start":{},"end":{}}],"line":98},"5":{"loc":{"start":{"line":103,"column":2},"end":{"line":110,"column":3}},"type":"if","locations":[{"start":{"line":103,"column":2},"end":{"line":110,"column":3}},{"start":{},"end":{}}],"line":103}},"s":{"0":2,"1":81,"2":81,"3":0,"4":0,"5":0,"6":81,"7":0,"8":0,"9":81},"f":{"0":81},"b":{"0":[0],"1":[0],"2":[0],"3":[0,81],"4":[0,0],"5":[0,81]},"_coverageSchema":"1a1c01bbd47fc00a2c39e90264f33305004495a9","hash":"a136a22bab029e050bc48280e2a5c65f4cad8eea"}
,"/Users/chipmcallister/Projects/PlayPBNow/components/ErrorBoundary.tsx": {"path":"/Users/chipmcallister/Projects/PlayPBNow/components/ErrorBoundary.tsx","statementMap":{"0":{"start":{"line":29,"column":4},"end":{"line":29,"column":17}},"1":{"start":{"line":30,"column":4},"end":{"line":34,"column":6}},"2":{"start":{"line":41,"column":4},"end":{"line":44,"column":6}},"3":{"start":{"line":51,"column":4},"end":{"line":51,"column":58}},"4":{"start":{"line":52,"column":4},"end":{"line":52,"column":60}},"5":{"start":{"line":54,"column":4},"end":{"line":56,"column":7}},"6":{"start":{"line":61,"column":4},"end":{"line":67,"column":5}},"7":{"start":{"line":62,"column":6},"end":{"line":66,"column":7}},"8":{"start":{"line":63,"column":8},"end":{"line":63,"column":45}},"9":{"start":{"line":65,"column":8},"end":{"line":65,"column":79}},"10":{"start":{"line":73,"column":16},"end":{"line":83,"column":3}},"11":{"start":{"line":74,"column":4},"end":{"line":78,"column":7}},"12":{"start":{"line":80,"column":4},"end":{"line":82,"column":5}},"13":{"start":{"line":81,"column":6},"end":{"line":81,"column":27}},"14":{"start":{"line":86,"column":4},"end":{"line":92,"column":5}},"15":{"start":{"line":87,"column":6},"end":{"line":91,"column":8}},"16":{"start":{"line":94,"column":4},"end":{"line":94,"column":31}},"17":{"start":{"line":110,"column":2},"end":{"line":150,"column":4}},"18":{"start":{"line":153,"column":15},"end":{"line":226,"column":2}}},"fnMap":{"0":{"name":"(anonymous_0)","decl":{"start":{"line":28,"column":2},"end":{"line":28,"column":3}},"loc":{"start":{"line":28,"column":41},"end":{"line":35,"column":3}},"line":28},"1":{"name":"(anonymous_1)","decl":{"start":{"line":40,"column":2},"end":{"line":40,"column":3}},"loc":{"start":{"line":40,"column":77},"end":{"line":45,"column":3}},"line":40},"2":{"name":"(anonymous_2)","decl":{"start":{"line":50,"column":2},"end":{"line":50,"column":3}},"loc":{"start":{"line":50,"column":62},"end":{"line":68,"column":3}},"line":50},"3":{"name":"(anonymous_3)","decl":{"start":{"line":73,"column":16},"end":{"line":73,"column":17}},"loc":{"start":{"line":73,"column":22},"end":{"line":83,"column":3}},"line":73},"4":{"name":"(anonymous_4)","decl":{"start":{"line":85,"column":2},"end":{"line":85,"column":3}},"loc":{"start":{"line":85,"column":11},"end":{"line":95,"column":3}},"line":85},"5":{"name":"ErrorFallback","decl":{"start":{"line":101,"column":9},"end":{"line":101,"column":22}},"loc":{"start":{"line":109,"column":3},"end":{"line":151,"column":1}},"line":109}},"branchMap":{"0":{"loc":{"start":{"line":61,"column":4},"end":{"line":67,"column":5}},"type":"if","locations":[{"start":{"line":61,"column":4},"end":{"line":67,"column":5}},{"start":{},"end":{}}],"line":61},"1":{"loc":{"start":{"line":80,"column":4},"end":{"line":82,"column":5}},"type":"if","locations":[{"start":{"line":80,"column":4},"end":{"line":82,"column":5}},{"start":{},"end":{}}],"line":80},"2":{"loc":{"start":{"line":86,"column":4},"end":{"line":92,"column":5}},"type":"if","locations":[{"start":{"line":86,"column":4},"end":{"line":92,"column":5}},{"start":{},"end":{}}],"line":86},"3":{"loc":{"start":{"line":87,"column":13},"end":{"line":91,"column":7}},"type":"cond-expr","locations":[{"start":{"line":88,"column":8},"end":{"line":88,"column":27}},{"start":{"line":90,"column":8},"end":{"line":90,"column":110}}],"line":87},"4":{"loc":{"start":{"line":122,"column":9},"end":{"line":126,"column":9}},"type":"binary-expr","locations":[{"start":{"line":122,"column":9},"end":{"line":122,"column":14}},{"start":{"line":123,"column":10},"end":{"line":125,"column":17}}],"line":122},"5":{"loc":{"start":{"line":124,"column":13},"end":{"line":124,"column":79}},"type":"binary-expr","locations":[{"start":{"line":124,"column":13},"end":{"line":124,"column":26}},{"start":{"line":124,"column":30},"end":{"line":124,"column":79}}],"line":124},"6":{"loc":{"start":{"line":129,"column":9},"end":{"line":134,"column":9}},"type":"binary-expr","locations":[{"start":{"line":129,"column":9},"end":{"line":129,"column":16}},{"start":{"line":129,"column":20},"end":{"line":129,"column":29}},{"start":{"line":130,"column":10},"end":{"line":133,"column":17}}],"line":129},"7":{"loc":{"start":{"line":201,"column":16},"end":{"line":201,"column":67}},"type":"cond-expr","locations":[{"start":{"line":201,"column":40},"end":{"line":201,"column":51}},{"start":{"line":201,"column":54},"end":{"line":201,"column":67}}],"line":201}},"s":{"0":23,"1":23,"2":24,"3":12,"4":12,"5":12,"6":12,"7":2,"8":2,"9":0,"10":23,"11":2,"12":2,"13":1,"14":66,"15":39,"16":27,"17":36,"18":1},"f":{"0":23,"1":24,"2":12,"3":2,"4":66,"5":36},"b":{"0":[2,10],"1":[1,1],"2":[39,27],"3":[3,36],"4":[36,36],"5":[36,0],"6":[36,36,14],"7":[0,1]},"_coverageSchema":"1a1c01bbd47fc00a2c39e90264f33305004495a9","hash":"3d3ea1cd0ee7ea9620adfc2f3bf6351625cec542"}
,"/Users/chipmcallister/Projects/PlayPBNow/components/FilteredGamesModal.tsx": {"path":"/Users/chipmcallister/Projects/PlayPBNow/components/FilteredGamesModal.tsx","statementMap":{"0":{"start":{"line":19,"column":19},"end":{"line":19,"column":38}},"1":{"start":{"line":20,"column":23},"end":{"line":20,"column":33}},"2":{"start":{"line":21,"column":19},"end":{"line":21,"column":64}},"3":{"start":{"line":21,"column":33},"end":{"line":21,"column":53}},"4":{"start":{"line":23,"column":4},"end":{"line":53,"column":6}},"5":{"start":{"line":46,"column":48},"end":{"line":46,"column":64}},"6":{"start":{"line":47,"column":46},"end":{"line":47,"column":72}},"7":{"start":{"line":56,"column":21},"end":{"line":73,"column":2}},"8":{"start":{"line":56,"column":41},"end":{"line":73,"column":2}}},"fnMap":{"0":{"name":"FilteredGamesModal","decl":{"start":{"line":18,"column":16},"end":{"line":18,"column":34}},"loc":{"start":{"line":18,"column":96},"end":{"line":54,"column":1}},"line":18},"1":{"name":"(anonymous_1)","decl":{"start":{"line":21,"column":27},"end":{"line":21,"column":28}},"loc":{"start":{"line":21,"column":33},"end":{"line":21,"column":53}},"line":21},"2":{"name":"(anonymous_2)","decl":{"start":{"line":46,"column":34},"end":{"line":46,"column":35}},"loc":{"start":{"line":46,"column":48},"end":{"line":46,"column":64}},"line":46},"3":{"name":"(anonymous_3)","decl":{"start":{"line":47,"column":32},"end":{"line":47,"column":33}},"loc":{"start":{"line":47,"column":46},"end":{"line":47,"column":72}},"line":47},"4":{"name":"(anonymous_4)","decl":{"start":{"line":56,"column":21},"end":{"line":56,"column":22}},"loc":{"start":{"line":56,"column":41},"end":{"line":73,"column":2}},"line":56}},"branchMap":{"0":{"loc":{"start":{"line":30,"column":58},"end":{"line":30,"column":101}},"type":"cond-expr","locations":[{"start":{"line":30,"column":86},"end":{"line":30,"column":96}},{"start":{"line":30,"column":99},"end":{"line":30,"column":101}}],"line":30}},"s":{"0":0,"1":0,"2":0,"3":0,"4":0,"5":0,"6":0,"7":0,"8":0},"f":{"0":0,"1":0,"2":0,"3":0,"4":0},"b":{"0":[0,0]}}
,"/Users/chipmcallister/Projects/PlayPBNow/components/GameFooter.tsx": {"path":"/Users/chipmcallister/Projects/PlayPBNow/components/GameFooter.tsx","statementMap":{"0":{"start":{"line":23,"column":4},"end":{"line":38,"column":5}},"1":{"start":{"line":24,"column":8},"end":{"line":37,"column":10}},"2":{"start":{"line":41,"column":4},"end":{"line":62,"column":5}},"3":{"start":{"line":42,"column":8},"end":{"line":61,"column":10}},"4":{"start":{"line":64,"column":4},"end":{"line":64,"column":16}},"5":{"start":{"line":67,"column":15},"end":{"line":104,"column":2}}},"fnMap":{"0":{"name":"GameFooter","decl":{"start":{"line":14,"column":16},"end":{"line":14,"column":26}},"loc":{"start":{"line":21,"column":20},"end":{"line":65,"column":1}},"line":21}},"branchMap":{"0":{"loc":{"start":{"line":23,"column":4},"end":{"line":38,"column":5}},"type":"if","locations":[{"start":{"line":23,"column":4},"end":{"line":38,"column":5}},{"start":{},"end":{}}],"line":23},"1":{"loc":{"start":{"line":23,"column":8},"end":{"line":23,"column":39}},"type":"binary-expr","locations":[{"start":{"line":23,"column":8},"end":{"line":23,"column":26}},{"start":{"line":23,"column":30},"end":{"line":23,"column":39}}],"line":23},"2":{"loc":{"start":{"line":41,"column":4},"end":{"line":62,"column":5}},"type":"if","locations":[{"start":{"line":41,"column":4},"end":{"line":62,"column":5}},{"start":{},"end":{}}],"line":41}},"s":{"0":0,"1":0,"2":0,"3":0,"4":0,"5":0},"f":{"0":0},"b":{"0":[0,0],"1":[0,0],"2":[0,0]}}
,"/Users/chipmcallister/Projects/PlayPBNow/components/GatekeeperModal.tsx": {"path":"/Users/chipmcallister/Projects/PlayPBNow/components/GatekeeperModal.tsx","statementMap":{"0":{"start":{"line":27,"column":42},"end":{"line":27,"column":54}},"1":{"start":{"line":28,"column":34},"end":{"line":28,"column":49}},"2":{"start":{"line":29,"column":23},"end":{"line":29,"column":33}},"3":{"start":{"line":30,"column":19},"end":{"line":30,"column":64}},"4":{"start":{"line":30,"column":33},"end":{"line":30,"column":53}},"5":{"start":{"line":32,"column":23},"end":{"line":52,"column":5}},"6":{"start":{"line":33,"column":28},"end":{"line":33,"column":62}},"7":{"start":{"line":34,"column":8},"end":{"line":37,"column":9}},"8":{"start":{"line":35,"column":12},"end":{"line":35,"column":89}},"9":{"start":{"line":36,"column":12},"end":{"line":36,"column":19}},"10":{"start":{"line":39,"column":8},"end":{"line":39,"column":25}},"11":{"start":{"line":40,"column":22},"end":{"line":40,"column":44}},"12":{"start":{"line":42,"column":8},"end":{"line":51,"column":9}},"13":{"start":{"line":43,"column":12},"end":{"line":43,"column":59}},"14":{"start":{"line":44,"column":12},"end":{"line":44,"column":104}},"15":{"start":{"line":45,"column":12},"end":{"line":45,"column":29}},"16":{"start":{"line":46,"column":12},"end":{"line":46,"column":22}},"17":{"start":{"line":48,"column":12},"end":{"line":48,"column":65}},"18":{"start":{"line":50,"column":12},"end":{"line":50,"column":30}},"19":{"start":{"line":54,"column":4},"end":{"line":100,"column":6}},"20":{"start":{"line":103,"column":21},"end":{"line":115,"column":2}},"21":{"start":{"line":103,"column":41},"end":{"line":115,"column":2}}},"fnMap":{"0":{"name":"GatekeeperModal","decl":{"start":{"line":26,"column":16},"end":{"line":26,"column":31}},"loc":{"start":{"line":26,"column":87},"end":{"line":101,"column":1}},"line":26},"1":{"name":"(anonymous_1)","decl":{"start":{"line":30,"column":27},"end":{"line":30,"column":28}},"loc":{"start":{"line":30,"column":33},"end":{"line":30,"column":53}},"line":30},"2":{"name":"(anonymous_2)","decl":{"start":{"line":32,"column":23},"end":{"line":32,"column":24}},"loc":{"start":{"line":32,"column":35},"end":{"line":52,"column":5}},"line":32},"3":{"name":"(anonymous_3)","decl":{"start":{"line":103,"column":21},"end":{"line":103,"column":22}},"loc":{"start":{"line":103,"column":41},"end":{"line":115,"column":2}},"line":103}},"branchMap":{"0":{"loc":{"start":{"line":34,"column":8},"end":{"line":37,"column":9}},"type":"if","locations":[{"start":{"line":34,"column":8},"end":{"line":37,"column":9}},{"start":{},"end":{}}],"line":34},"1":{"loc":{"start":{"line":57,"column":48},"end":{"line":57,"column":92}},"type":"cond-expr","locations":[{"start":{"line":57,"column":72},"end":{"line":57,"column":81}},{"start":{"line":57,"column":84},"end":{"line":57,"column":92}}],"line":57},"2":{"loc":{"start":{"line":86,"column":29},"end":{"line":90,"column":29}},"type":"cond-expr","locations":[{"start":{"line":87,"column":32},"end":{"line":87,"column":73}},{"start":{"line":89,"column":32},"end":{"line":89,"column":82}}],"line":86}},"s":{"0":0,"1":0,"2":0,"3":0,"4":0,"5":0,"6":0,"7":0,"8":0,"9":0,"10":0,"11":0,"12":0,"13":0,"14":0,"15":0,"16":0,"17":0,"18":0,"19":0,"20":0,"21":0},"f":{"0":0,"1":0,"2":0,"3":0},"b":{"0":[0,0],"1":[0,0],"2":[0,0]}}
,"/Users/chipmcallister/Projects/PlayPBNow/components/GroupSelector.tsx": {"path":"/Users/chipmcallister/Projects/PlayPBNow/components/GroupSelector.tsx","statementMap":{"0":{"start":{"line":23,"column":23},"end":{"line":23,"column":33}},"1":{"start":{"line":24,"column":19},"end":{"line":24,"column":64}},"2":{"start":{"line":24,"column":33},"end":{"line":24,"column":53}},"3":{"start":{"line":26,"column":4},"end":{"line":26,"column":41}},"4":{"start":{"line":26,"column":29},"end":{"line":26,"column":41}},"5":{"start":{"line":28,"column":4},"end":{"line":71,"column":6}},"6":{"start":{"line":40,"column":46},"end":{"line":40,"column":76}},"7":{"start":{"line":45,"column":24},"end":{"line":49,"column":26}},"8":{"start":{"line":74,"column":21},"end":{"line":143,"column":2}},"9":{"start":{"line":74,"column":41},"end":{"line":143,"column":2}}},"fnMap":{"0":{"name":"GroupSelector","decl":{"start":{"line":22,"column":16},"end":{"line":22,"column":29}},"loc":{"start":{"line":22,"column":138},"end":{"line":72,"column":1}},"line":22},"1":{"name":"(anonymous_1)","decl":{"start":{"line":24,"column":27},"end":{"line":24,"column":28}},"loc":{"start":{"line":24,"column":33},"end":{"line":24,"column":53}},"line":24},"2":{"name":"(anonymous_2)","decl":{"start":{"line":40,"column":35},"end":{"line":40,"column":36}},"loc":{"start":{"line":40,"column":46},"end":{"line":40,"column":76}},"line":40},"3":{"name":"(anonymous_3)","decl":{"start":{"line":44,"column":32},"end":{"line":44,"column":33}},"loc":{"start":{"line":45,"column":24},"end":{"line":49,"column":26}},"line":45},"4":{"name":"(anonymous_4)","decl":{"start":{"line":74,"column":21},"end":{"line":74,"column":22}},"loc":{"start":{"line":74,"column":41},"end":{"line":143,"column":2}},"line":74}},"branchMap":{"0":{"loc":{"start":{"line":26,"column":4},"end":{"line":26,"column":41}},"type":"if","locations":[{"start":{"line":26,"column":4},"end":{"line":26,"column":41}},{"start":{},"end":{}}],"line":26},"1":{"loc":{"start":{"line":33,"column":43},"end":{"line":33,"column":71}},"type":"cond-expr","locations":[{"start":{"line":33,"column":63},"end":{"line":33,"column":66}},{"start":{"line":33,"column":69},"end":{"line":33,"column":71}}],"line":33},"2":{"loc":{"start":{"line":56,"column":43},"end":{"line":56,"column":84}},"type":"binary-expr","locations":[{"start":{"line":56,"column":43},"end":{"line":56,"column":59}},{"start":{"line":56,"column":63},"end":{"line":56,"column":84}}],"line":56}},"s":{"0":0,"1":0,"2":0,"3":0,"4":0,"5":0,"6":0,"7":0,"8":0,"9":0},"f":{"0":0,"1":0,"2":0,"3":0,"4":0},"b":{"0":[0,0],"1":[0,0],"2":[0,0]}}
,"/Users/chipmcallister/Projects/PlayPBNow/components/HeadToHeadModal.tsx": {"path":"/Users/chipmcallister/Projects/PlayPBNow/components/HeadToHeadModal.tsx","statementMap":{"0":{"start":{"line":35,"column":19},"end":{"line":35,"column":38}},"1":{"start":{"line":36,"column":23},"end":{"line":36,"column":33}},"2":{"start":{"line":37,"column":19},"end":{"line":37,"column":64}},"3":{"start":{"line":37,"column":33},"end":{"line":37,"column":53}},"4":{"start":{"line":47,"column":8},"end":{"line":47,"column":59}},"5":{"start":{"line":49,"column":40},"end":{"line":49,"column":70}},"6":{"start":{"line":50,"column":44},"end":{"line":50,"column":56}},"7":{"start":{"line":51,"column":46},"end":{"line":51,"column":61}},"8":{"start":{"line":53,"column":24},"end":{"line":56,"column":5}},"9":{"start":{"line":54,"column":8},"end":{"line":54,"column":16}},"10":{"start":{"line":55,"column":8},"end":{"line":55,"column":28}},"11":{"start":{"line":58,"column":30},"end":{"line":72,"column":5}},"12":{"start":{"line":59,"column":33},"end":{"line":59,"column":35}},"13":{"start":{"line":60,"column":8},"end":{"line":64,"column":9}},"14":{"start":{"line":61,"column":12},"end":{"line":61,"column":37}},"15":{"start":{"line":63,"column":12},"end":{"line":63,"column":37}},"16":{"start":{"line":66,"column":8},"end":{"line":69,"column":9}},"17":{"start":{"line":67,"column":26},"end":{"line":67,"column":52}},"18":{"start":{"line":68,"column":12},"end":{"line":68,"column":74}},"19":{"start":{"line":68,"column":36},"end":{"line":68,"column":72}},"20":{"start":{"line":71,"column":8},"end":{"line":71,"column":64}},"21":{"start":{"line":71,"column":34},"end":{"line":71,"column":62}},"22":{"start":{"line":74,"column":4},"end":{"line":191,"column":6}},"23":{"start":{"line":93,"column":82},"end":{"line":93,"column":102}},"24":{"start":{"line":93,"column":103},"end":{"line":93,"column":123}},"25":{"start":{"line":97,"column":82},"end":{"line":97,"column":102}},"26":{"start":{"line":97,"column":103},"end":{"line":97,"column":123}},"27":{"start":{"line":111,"column":43},"end":{"line":111,"column":65}},"28":{"start":{"line":139,"column":61},"end":{"line":139,"column":80}},"29":{"start":{"line":154,"column":65},"end":{"line":154,"column":84}},"30":{"start":{"line":162,"column":47},"end":{"line":162,"column":51}},"31":{"start":{"line":164,"column":32},"end":{"line":171,"column":51}},"32":{"start":{"line":165,"column":36},"end":{"line":166,"column":53}},"33":{"start":{"line":165,"column":60},"end":{"line":165,"column":72}},"34":{"start":{"line":166,"column":41},"end":{"line":166,"column":53}},"35":{"start":{"line":167,"column":36},"end":{"line":167,"column":56}},"36":{"start":{"line":168,"column":36},"end":{"line":168,"column":56}},"37":{"start":{"line":184,"column":35},"end":{"line":184,"column":58}},"38":{"start":{"line":194,"column":21},"end":{"line":250,"column":2}},"39":{"start":{"line":194,"column":41},"end":{"line":250,"column":2}}},"fnMap":{"0":{"name":"HeadToHeadModal","decl":{"start":{"line":27,"column":24},"end":{"line":27,"column":39}},"loc":{"start":{"line":34,"column":20},"end":{"line":192,"column":1}},"line":34},"1":{"name":"(anonymous_1)","decl":{"start":{"line":37,"column":27},"end":{"line":37,"column":28}},"loc":{"start":{"line":37,"column":33},"end":{"line":37,"column":53}},"line":37},"2":{"name":"(anonymous_2)","decl":{"start":{"line":53,"column":24},"end":{"line":53,"column":25}},"loc":{"start":{"line":53,"column":30},"end":{"line":56,"column":5}},"line":53},"3":{"name":"(anonymous_3)","decl":{"start":{"line":58,"column":30},"end":{"line":58,"column":31}},"loc":{"start":{"line":58,"column":36},"end":{"line":72,"column":5}},"line":58},"4":{"name":"(anonymous_4)","decl":{"start":{"line":68,"column":31},"end":{"line":68,"column":32}},"loc":{"start":{"line":68,"column":36},"end":{"line":68,"column":72}},"line":68},"5":{"name":"(anonymous_5)","decl":{"start":{"line":71,"column":25},"end":{"line":71,"column":26}},"loc":{"start":{"line":71,"column":34},"end":{"line":71,"column":62}},"line":71},"6":{"name":"(anonymous_6)","decl":{"start":{"line":93,"column":74},"end":{"line":93,"column":75}},"loc":{"start":{"line":93,"column":80},"end":{"line":93,"column":125}},"line":93},"7":{"name":"(anonymous_7)","decl":{"start":{"line":97,"column":74},"end":{"line":97,"column":75}},"loc":{"start":{"line":97,"column":80},"end":{"line":97,"column":125}},"line":97},"8":{"name":"(anonymous_8)","decl":{"start":{"line":111,"column":37},"end":{"line":111,"column":38}},"loc":{"start":{"line":111,"column":43},"end":{"line":111,"column":65}},"line":111},"9":{"name":"(anonymous_9)","decl":{"start":{"line":139,"column":55},"end":{"line":139,"column":56}},"loc":{"start":{"line":139,"column":61},"end":{"line":139,"column":80}},"line":139},"10":{"name":"(anonymous_10)","decl":{"start":{"line":154,"column":59},"end":{"line":154,"column":60}},"loc":{"start":{"line":154,"column":65},"end":{"line":154,"column":84}},"line":154},"11":{"name":"(anonymous_11)","decl":{"start":{"line":162,"column":42},"end":{"line":162,"column":43}},"loc":{"start":{"line":162,"column":47},"end":{"line":162,"column":51}},"line":162},"12":{"name":"(anonymous_12)","decl":{"start":{"line":163,"column":40},"end":{"line":163,"column":41}},"loc":{"start":{"line":164,"column":32},"end":{"line":171,"column":51}},"line":164},"13":{"name":"(anonymous_13)","decl":{"start":{"line":164,"column":84},"end":{"line":164,"column":85}},"loc":{"start":{"line":164,"column":90},"end":{"line":169,"column":33}},"line":164},"14":{"name":"(anonymous_14)","decl":{"start":{"line":184,"column":29},"end":{"line":184,"column":30}},"loc":{"start":{"line":184,"column":35},"end":{"line":184,"column":58}},"line":184},"15":{"name":"(anonymous_15)","decl":{"start":{"line":194,"column":21},"end":{"line":194,"column":22}},"loc":{"start":{"line":194,"column":41},"end":{"line":250,"column":2}},"line":194}},"branchMap":{"0":{"loc":{"start":{"line":60,"column":8},"end":{"line":64,"column":9}},"type":"if","locations":[{"start":{"line":60,"column":8},"end":{"line":64,"column":9}},{"start":{"line":62,"column":15},"end":{"line":64,"column":9}}],"line":60},"1":{"loc":{"start":{"line":66,"column":8},"end":{"line":69,"column":9}},"type":"if","locations":[{"start":{"line":66,"column":8},"end":{"line":69,"column":9}},{"start":{},"end":{}}],"line":66},"2":{"loc":{"start":{"line":94,"column":59},"end":{"line":94,"column":91}},"type":"cond-expr","locations":[{"start":{"line":94,"column":64},"end":{"line":94,"column":71}},{"start":{"line":94,"column":74},"end":{"line":94,"column":91}}],"line":94},"3":{"loc":{"start":{"line":98,"column":59},"end":{"line":98,"column":91}},"type":"cond-expr","locations":[{"start":{"line":98,"column":64},"end":{"line":98,"column":71}},{"start":{"line":98,"column":74},"end":{"line":98,"column":91}}],"line":98},"4":{"loc":{"start":{"line":102,"column":17},"end":{"line":129,"column":17}},"type":"cond-expr","locations":[{"start":{"line":103,"column":20},"end":{"line":126,"column":27}},{"start":{"line":128,"column":20},"end":{"line":128,"column":98}}],"line":102},"5":{"loc":{"start":{"line":102,"column":17},"end":{"line":102,"column":34}},"type":"binary-expr","locations":[{"start":{"line":102,"column":17},"end":{"line":102,"column":22}},{"start":{"line":102,"column":26},"end":{"line":102,"column":28}},{"start":{"line":102,"column":32},"end":{"line":102,"column":34}}],"line":102},"6":{"loc":{"start":{"line":115,"column":61},"end":{"line":115,"column":100}},"type":"binary-expr","locations":[{"start":{"line":115,"column":61},"end":{"line":115,"column":76}},{"start":{"line":115,"column":80},"end":{"line":115,"column":100}}],"line":115},"7":{"loc":{"start":{"line":118,"column":29},"end":{"line":118,"column":103}},"type":"binary-expr","locations":[{"start":{"line":118,"column":29},"end":{"line":118,"column":44}},{"start":{"line":118,"column":48},"end":{"line":118,"column":103}}],"line":118},"8":{"loc":{"start":{"line":122,"column":29},"end":{"line":124,"column":47}},"type":"cond-expr","locations":[{"start":{"line":122,"column":46},"end":{"line":122,"column":85}},{"start":{"line":123,"column":29},"end":{"line":124,"column":47}}],"line":122},"9":{"loc":{"start":{"line":123,"column":29},"end":{"line":124,"column":47}},"type":"cond-expr","locations":[{"start":{"line":123,"column":46},"end":{"line":123,"column":95}},{"start":{"line":124,"column":29},"end":{"line":124,"column":47}}],"line":123},"10":{"loc":{"start":{"line":131,"column":17},"end":{"line":180,"column":17}},"type":"binary-expr","locations":[{"start":{"line":131,"column":17},"end":{"line":131,"column":27}},{"start":{"line":132,"column":20},"end":{"line":179,"column":27}}],"line":131},"11":{"loc":{"start":{"line":136,"column":44},"end":{"line":136,"column":89}},"type":"cond-expr","locations":[{"start":{"line":136,"column":66},"end":{"line":136,"column":76}},{"start":{"line":136,"column":79},"end":{"line":136,"column":89}}],"line":136},"12":{"loc":{"start":{"line":153,"column":29},"end":{"line":157,"column":29}},"type":"binary-expr","locations":[{"start":{"line":153,"column":29},"end":{"line":153,"column":52}},{"start":{"line":154,"column":32},"end":{"line":156,"column":51}}],"line":153},"13":{"loc":{"start":{"line":165,"column":36},"end":{"line":166,"column":53}},"type":"if","locations":[{"start":{"line":165,"column":36},"end":{"line":166,"column":53}},{"start":{"line":166,"column":41},"end":{"line":166,"column":53}}],"line":165},"14":{"loc":{"start":{"line":186,"column":27},"end":{"line":186,"column":74}},"type":"cond-expr","locations":[{"start":{"line":186,"column":38},"end":{"line":186,"column":64}},{"start":{"line":186,"column":67},"end":{"line":186,"column":74}}],"line":186},"15":{"loc":{"start":{"line":186,"column":27},"end":{"line":186,"column":35}},"type":"binary-expr","locations":[{"start":{"line":186,"column":27},"end":{"line":186,"column":29}},{"start":{"line":186,"column":33},"end":{"line":186,"column":35}}],"line":186}},"s":{"0":0,"1":0,"2":0,"3":0,"4":0,"5":0,"6":0,"7":0,"8":0,"9":0,"10":0,"11":0,"12":0,"13":0,"14":0,"15":0,"16":0,"17":0,"18":0,"19":0,"20":0,"21":0,"22":0,"23":0,"24":0,"25":0,"26":0,"27":0,"28":0,"29":0,"30":0,"31":0,"32":0,"33":0,"34":0,"35":0,"36":0,"37":0,"38":0,"39":0},"f":{"0":0,"1":0,"2":0,"3":0,"4":0,"5":0,"6":0,"7":0,"8":0,"9":0,"10":0,"11":0,"12":0,"13":0,"14":0,"15":0},"b":{"0":[0,0],"1":[0,0],"2":[0,0],"3":[0,0],"4":[0,0],"5":[0,0,0],"6":[0,0],"7":[0,0],"8":[0,0],"9":[0,0],"10":[0,0],"11":[0,0],"12":[0,0],"13":[0,0],"14":[0,0],"15":[0,0]}}
,"/Users/chipmcallister/Projects/PlayPBNow/components/HelpVideoStrip.tsx": {"path":"/Users/chipmcallister/Projects/PlayPBNow/components/HelpVideoStrip.tsx","statementMap":{"0":{"start":{"line":44,"column":40},"end":{"line":140,"column":1}},"1":{"start":{"line":45,"column":21},"end":{"line":45,"column":31}},"2":{"start":{"line":46,"column":17},"end":{"line":46,"column":68}},"3":{"start":{"line":46,"column":37},"end":{"line":46,"column":57}},"4":{"start":{"line":47,"column":32},"end":{"line":47,"column":64}},"5":{"start":{"line":49,"column":15},"end":{"line":55,"column":3}},"6":{"start":{"line":50,"column":4},"end":{"line":54,"column":5}},"7":{"start":{"line":51,"column":6},"end":{"line":51,"column":20}},"8":{"start":{"line":53,"column":6},"end":{"line":53,"column":56}},"9":{"start":{"line":57,"column":2},"end":{"line":139,"column":4}},"10":{"start":{"line":78,"column":10},"end":{"line":101,"column":29}},"11":{"start":{"line":82,"column":27},"end":{"line":82,"column":34}},"12":{"start":{"line":110,"column":30},"end":{"line":110,"column":46}},"13":{"start":{"line":116,"column":47},"end":{"line":116,"column":63}},"14":{"start":{"line":142,"column":21},"end":{"line":262,"column":4}},"15":{"start":{"line":143,"column":2},"end":{"line":262,"column":4}}},"fnMap":{"0":{"name":"(anonymous_0)","decl":{"start":{"line":44,"column":40},"end":{"line":44,"column":41}},"loc":{"start":{"line":44,"column":46},"end":{"line":140,"column":1}},"line":44},"1":{"name":"(anonymous_1)","decl":{"start":{"line":46,"column":31},"end":{"line":46,"column":32}},"loc":{"start":{"line":46,"column":37},"end":{"line":46,"column":57}},"line":46},"2":{"name":"(anonymous_2)","decl":{"start":{"line":49,"column":15},"end":{"line":49,"column":16}},"loc":{"start":{"line":49,"column":33},"end":{"line":55,"column":3}},"line":49},"3":{"name":"(anonymous_3)","decl":{"start":{"line":53,"column":46},"end":{"line":53,"column":47}},"loc":{"start":{"line":53,"column":52},"end":{"line":53,"column":54}},"line":53},"4":{"name":"(anonymous_4)","decl":{"start":{"line":77,"column":25},"end":{"line":77,"column":26}},"loc":{"start":{"line":78,"column":10},"end":{"line":101,"column":29}},"line":78},"5":{"name":"(anonymous_5)","decl":{"start":{"line":82,"column":21},"end":{"line":82,"column":22}},"loc":{"start":{"line":82,"column":27},"end":{"line":82,"column":34}},"line":82},"6":{"name":"(anonymous_6)","decl":{"start":{"line":110,"column":24},"end":{"line":110,"column":25}},"loc":{"start":{"line":110,"column":30},"end":{"line":110,"column":46}},"line":110},"7":{"name":"(anonymous_7)","decl":{"start":{"line":116,"column":41},"end":{"line":116,"column":42}},"loc":{"start":{"line":116,"column":47},"end":{"line":116,"column":63}},"line":116},"8":{"name":"(anonymous_8)","decl":{"start":{"line":142,"column":21},"end":{"line":142,"column":22}},"loc":{"start":{"line":143,"column":2},"end":{"line":262,"column":4}},"line":143}},"branchMap":{"0":{"loc":{"start":{"line":50,"column":4},"end":{"line":54,"column":5}},"type":"if","locations":[{"start":{"line":50,"column":4},"end":{"line":54,"column":5}},{"start":{"line":52,"column":11},"end":{"line":54,"column":5}}],"line":50},"1":{"loc":{"start":{"line":120,"column":13},"end":{"line":134,"column":20}},"type":"cond-expr","locations":[{"start":{"line":121,"column":16},"end":{"line":133,"column":18}},{"start":{"line":134,"column":16},"end":{"line":134,"column":20}}],"line":120},"2":{"loc":{"start":{"line":120,"column":13},"end":{"line":120,"column":45}},"type":"binary-expr","locations":[{"start":{"line":120,"column":13},"end":{"line":120,"column":20}},{"start":{"line":120,"column":24},"end":{"line":120,"column":45}}],"line":120}},"s":{"0":0,"1":0,"2":0,"3":0,"4":0,"5":0,"6":0,"7":0,"8":0,"9":0,"10":0,"11":0,"12":0,"13":0,"14":0,"15":0},"f":{"0":0,"1":0,"2":0,"3":0,"4":0,"5":0,"6":0,"7":0,"8":0},"b":{"0":[0,0],"1":[0,0],"2":[0,0]}}
,"/Users/chipmcallister/Projects/PlayPBNow/components/HistoryModal.tsx": {"path":"/Users/chipmcallister/Projects/PlayPBNow/components/HistoryModal.tsx","statementMap":{"0":{"start":{"line":43,"column":19},"end":{"line":43,"column":38}},"1":{"start":{"line":44,"column":23},"end":{"line":44,"column":33}},"2":{"start":{"line":45,"column":19},"end":{"line":45,"column":64}},"3":{"start":{"line":45,"column":33},"end":{"line":45,"column":53}},"4":{"start":{"line":47,"column":44},"end":{"line":47,"column":73}},"5":{"start":{"line":48,"column":54},"end":{"line":48,"column":88}},"6":{"start":{"line":50,"column":36},"end":{"line":54,"column":6}},"7":{"start":{"line":56,"column":25},"end":{"line":68,"column":5}},"8":{"start":{"line":57,"column":8},"end":{"line":57,"column":41}},"9":{"start":{"line":58,"column":8},"end":{"line":58,"column":36}},"10":{"start":{"line":60,"column":8},"end":{"line":67,"column":11}},"11":{"start":{"line":70,"column":21},"end":{"line":87,"column":5}},"12":{"start":{"line":71,"column":8},"end":{"line":71,"column":39}},"13":{"start":{"line":71,"column":32},"end":{"line":71,"column":39}},"14":{"start":{"line":73,"column":8},"end":{"line":76,"column":9}},"15":{"start":{"line":74,"column":12},"end":{"line":74,"column":76}},"16":{"start":{"line":75,"column":12},"end":{"line":75,"column":19}},"17":{"start":{"line":78,"column":22},"end":{"line":78,"column":43}},"18":{"start":{"line":79,"column":22},"end":{"line":79,"column":43}},"19":{"start":{"line":80,"column":8},"end":{"line":83,"column":9}},"20":{"start":{"line":81,"column":12},"end":{"line":81,"column":52}},"21":{"start":{"line":82,"column":12},"end":{"line":82,"column":19}},"22":{"start":{"line":84,"column":8},"end":{"line":84,"column":63}},"23":{"start":{"line":85,"column":8},"end":{"line":85,"column":30}},"24":{"start":{"line":86,"column":8},"end":{"line":86,"column":35}},"25":{"start":{"line":89,"column":23},"end":{"line":93,"column":5}},"26":{"start":{"line":90,"column":18},"end":{"line":90,"column":42}},"27":{"start":{"line":91,"column":18},"end":{"line":91,"column":25}},"28":{"start":{"line":92,"column":8},"end":{"line":92,"column":54}},"29":{"start":{"line":96,"column":30},"end":{"line":112,"column":31}},"30":{"start":{"line":97,"column":8},"end":{"line":97,"column":56}},"31":{"start":{"line":97,"column":46},"end":{"line":97,"column":56}},"32":{"start":{"line":100,"column":31},"end":{"line":106,"column":10}},"33":{"start":{"line":101,"column":29},"end":{"line":101,"column":45}},"34":{"start":{"line":102,"column":29},"end":{"line":102,"column":45}},"35":{"start":{"line":103,"column":26},"end":{"line":103,"column":77}},"36":{"start":{"line":104,"column":29},"end":{"line":104,"column":62}},"37":{"start":{"line":105,"column":12},"end":{"line":105,"column":70}},"38":{"start":{"line":108,"column":8},"end":{"line":111,"column":11}},"39":{"start":{"line":114,"column":30},"end":{"line":183,"column":5}},"40":{"start":{"line":115,"column":33},"end":{"line":115,"column":64}},"41":{"start":{"line":116,"column":24},"end":{"line":116,"column":41}},"42":{"start":{"line":119,"column":24},"end":{"line":119,"column":28}},"43":{"start":{"line":120,"column":29},"end":{"line":120,"column":56}},"44":{"start":{"line":122,"column":8},"end":{"line":182,"column":9}},"45":{"start":{"line":123,"column":12},"end":{"line":149,"column":14}},"46":{"start":{"line":129,"column":63},"end":{"line":129,"column":85}},"47":{"start":{"line":129,"column":86},"end":{"line":129,"column":113}},"48":{"start":{"line":135,"column":114},"end":{"line":135,"column":152}},"49":{"start":{"line":136,"column":114},"end":{"line":136,"column":152}},"50":{"start":{"line":138,"column":101},"end":{"line":138,"column":134}},"51":{"start":{"line":143,"column":114},"end":{"line":143,"column":152}},"52":{"start":{"line":144,"column":114},"end":{"line":144,"column":152}},"53":{"start":{"line":146,"column":101},"end":{"line":146,"column":134}},"54":{"start":{"line":151,"column":12},"end":{"line":181,"column":14}},"55":{"start":{"line":158,"column":65},"end":{"line":158,"column":83}},"56":{"start":{"line":159,"column":65},"end":{"line":159,"column":84}},"57":{"start":{"line":185,"column":4},"end":{"line":221,"column":6}},"58":{"start":{"line":213,"column":44},"end":{"line":213,"column":58}},"59":{"start":{"line":224,"column":21},"end":{"line":255,"column":2}},"60":{"start":{"line":224,"column":41},"end":{"line":255,"column":2}}},"fnMap":{"0":{"name":"HistoryModal","decl":{"start":{"line":31,"column":16},"end":{"line":31,"column":28}},"loc":{"start":{"line":41,"column":22},"end":{"line":222,"column":1}},"line":41},"1":{"name":"(anonymous_1)","decl":{"start":{"line":45,"column":27},"end":{"line":45,"column":28}},"loc":{"start":{"line":45,"column":33},"end":{"line":45,"column":53}},"line":45},"2":{"name":"(anonymous_2)","decl":{"start":{"line":56,"column":25},"end":{"line":56,"column":26}},"loc":{"start":{"line":56,"column":41},"end":{"line":68,"column":5}},"line":56},"3":{"name":"(anonymous_3)","decl":{"start":{"line":70,"column":21},"end":{"line":70,"column":22}},"loc":{"start":{"line":70,"column":27},"end":{"line":87,"column":5}},"line":70},"4":{"name":"(anonymous_4)","decl":{"start":{"line":89,"column":23},"end":{"line":89,"column":24}},"loc":{"start":{"line":89,"column":38},"end":{"line":93,"column":5}},"line":89},"5":{"name":"(anonymous_5)","decl":{"start":{"line":96,"column":38},"end":{"line":96,"column":39}},"loc":{"start":{"line":96,"column":44},"end":{"line":112,"column":5}},"line":96},"6":{"name":"(anonymous_6)","decl":{"start":{"line":100,"column":43},"end":{"line":100,"column":44}},"loc":{"start":{"line":100,"column":62},"end":{"line":106,"column":9}},"line":100},"7":{"name":"(anonymous_7)","decl":{"start":{"line":114,"column":30},"end":{"line":114,"column":31}},"loc":{"start":{"line":114,"column":59},"end":{"line":183,"column":5}},"line":114},"8":{"name":"(anonymous_8)","decl":{"start":{"line":129,"column":55},"end":{"line":129,"column":56}},"loc":{"start":{"line":129,"column":61},"end":{"line":129,"column":115}},"line":129},"9":{"name":"(anonymous_9)","decl":{"start":{"line":135,"column":107},"end":{"line":135,"column":108}},"loc":{"start":{"line":135,"column":114},"end":{"line":135,"column":152}},"line":135},"10":{"name":"(anonymous_10)","decl":{"start":{"line":136,"column":107},"end":{"line":136,"column":108}},"loc":{"start":{"line":136,"column":114},"end":{"line":136,"column":152}},"line":136},"11":{"name":"(anonymous_11)","decl":{"start":{"line":138,"column":94},"end":{"line":138,"column":95}},"loc":{"start":{"line":138,"column":101},"end":{"line":138,"column":134}},"line":138},"12":{"name":"(anonymous_12)","decl":{"start":{"line":143,"column":107},"end":{"line":143,"column":108}},"loc":{"start":{"line":143,"column":114},"end":{"line":143,"column":152}},"line":143},"13":{"name":"(anonymous_13)","decl":{"start":{"line":144,"column":107},"end":{"line":144,"column":108}},"loc":{"start":{"line":144,"column":114},"end":{"line":144,"column":152}},"line":144},"14":{"name":"(anonymous_14)","decl":{"start":{"line":146,"column":94},"end":{"line":146,"column":95}},"loc":{"start":{"line":146,"column":101},"end":{"line":146,"column":134}},"line":146},"15":{"name":"(anonymous_15)","decl":{"start":{"line":158,"column":59},"end":{"line":158,"column":60}},"loc":{"start":{"line":158,"column":65},"end":{"line":158,"column":83}},"line":158},"16":{"name":"(anonymous_16)","decl":{"start":{"line":159,"column":59},"end":{"line":159,"column":60}},"loc":{"start":{"line":159,"column":65},"end":{"line":159,"column":84}},"line":159},"17":{"name":"(anonymous_17)","decl":{"start":{"line":213,"column":34},"end":{"line":213,"column":35}},"loc":{"start":{"line":213,"column":44},"end":{"line":213,"column":58}},"line":213},"18":{"name":"(anonymous_18)","decl":{"start":{"line":224,"column":21},"end":{"line":224,"column":22}},"loc":{"start":{"line":224,"column":41},"end":{"line":255,"column":2}},"line":224}},"branchMap":{"0":{"loc":{"start":{"line":63,"column":21},"end":{"line":63,"column":40}},"type":"binary-expr","locations":[{"start":{"line":63,"column":21},"end":{"line":63,"column":34}},{"start":{"line":63,"column":38},"end":{"line":63,"column":40}}],"line":63},"1":{"loc":{"start":{"line":64,"column":21},"end":{"line":64,"column":40}},"type":"binary-expr","locations":[{"start":{"line":64,"column":21},"end":{"line":64,"column":34}},{"start":{"line":64,"column":38},"end":{"line":64,"column":40}}],"line":64},"2":{"loc":{"start":{"line":65,"column":21},"end":{"line":65,"column":40}},"type":"binary-expr","locations":[{"start":{"line":65,"column":21},"end":{"line":65,"column":34}},{"start":{"line":65,"column":38},"end":{"line":65,"column":40}}],"line":65},"3":{"loc":{"start":{"line":66,"column":21},"end":{"line":66,"column":40}},"type":"binary-expr","locations":[{"start":{"line":66,"column":21},"end":{"line":66,"column":34}},{"start":{"line":66,"column":38},"end":{"line":66,"column":40}}],"line":66},"4":{"loc":{"start":{"line":71,"column":8},"end":{"line":71,"column":39}},"type":"if","locations":[{"start":{"line":71,"column":8},"end":{"line":71,"column":39}},{"start":{},"end":{}}],"line":71},"5":{"loc":{"start":{"line":73,"column":8},"end":{"line":76,"column":9}},"type":"if","locations":[{"start":{"line":73,"column":8},"end":{"line":76,"column":9}},{"start":{},"end":{}}],"line":73},"6":{"loc":{"start":{"line":80,"column":8},"end":{"line":83,"column":9}},"type":"if","locations":[{"start":{"line":80,"column":8},"end":{"line":83,"column":9}},{"start":{},"end":{}}],"line":80},"7":{"loc":{"start":{"line":80,"column":12},"end":{"line":80,"column":40}},"type":"binary-expr","locations":[{"start":{"line":80,"column":12},"end":{"line":80,"column":24}},{"start":{"line":80,"column":28},"end":{"line":80,"column":40}}],"line":80},"8":{"loc":{"start":{"line":92,"column":20},"end":{"line":92,"column":52}},"type":"binary-expr","locations":[{"start":{"line":92,"column":20},"end":{"line":92,"column":36}},{"start":{"line":92,"column":40},"end":{"line":92,"column":44}},{"start":{"line":92,"column":48},"end":{"line":92,"column":52}}],"line":92},"9":{"loc":{"start":{"line":97,"column":8},"end":{"line":97,"column":56}},"type":"if","locations":[{"start":{"line":97,"column":8},"end":{"line":97,"column":56}},{"start":{},"end":{}}],"line":97},"10":{"loc":{"start":{"line":97,"column":12},"end":{"line":97,"column":44}},"type":"binary-expr","locations":[{"start":{"line":97,"column":12},"end":{"line":97,"column":20}},{"start":{"line":97,"column":24},"end":{"line":97,"column":44}}],"line":97},"11":{"loc":{"start":{"line":101,"column":29},"end":{"line":101,"column":45}},"type":"binary-expr","locations":[{"start":{"line":101,"column":29},"end":{"line":101,"column":40}},{"start":{"line":101,"column":44},"end":{"line":101,"column":45}}],"line":101},"12":{"loc":{"start":{"line":102,"column":29},"end":{"line":102,"column":45}},"type":"binary-expr","locations":[{"start":{"line":102,"column":29},"end":{"line":102,"column":40}},{"start":{"line":102,"column":44},"end":{"line":102,"column":45}}],"line":102},"13":{"loc":{"start":{"line":104,"column":32},"end":{"line":104,"column":51}},"type":"binary-expr","locations":[{"start":{"line":104,"column":32},"end":{"line":104,"column":36}},{"start":{"line":104,"column":40},"end":{"line":104,"column":51}}],"line":104},"14":{"loc":{"start":{"line":120,"column":29},"end":{"line":120,"column":56}},"type":"binary-expr","locations":[{"start":{"line":120,"column":29},"end":{"line":120,"column":46}},{"start":{"line":120,"column":50},"end":{"line":120,"column":56}}],"line":120},"15":{"loc":{"start":{"line":122,"column":8},"end":{"line":182,"column":9}},"type":"if","locations":[{"start":{"line":122,"column":8},"end":{"line":182,"column":9}},{"start":{"line":150,"column":15},"end":{"line":182,"column":9}}],"line":122},"16":{"loc":{"start":{"line":156,"column":25},"end":{"line":161,"column":25}},"type":"binary-expr","locations":[{"start":{"line":156,"column":25},"end":{"line":156,"column":32}},{"start":{"line":157,"column":28},"end":{"line":160,"column":31}}],"line":156},"17":{"loc":{"start":{"line":170,"column":56},"end":{"line":170,"column":100}},"type":"cond-expr","locations":[{"start":{"line":170,"column":66},"end":{"line":170,"column":81}},{"start":{"line":170,"column":84},"end":{"line":170,"column":100}}],"line":170},"18":{"loc":{"start":{"line":178,"column":56},"end":{"line":178,"column":101}},"type":"cond-expr","locations":[{"start":{"line":178,"column":67},"end":{"line":178,"column":82}},{"start":{"line":178,"column":85},"end":{"line":178,"column":101}}],"line":178},"19":{"loc":{"start":{"line":201,"column":21},"end":{"line":206,"column":21}},"type":"binary-expr","locations":[{"start":{"line":201,"column":21},"end":{"line":201,"column":37}},{"start":{"line":202,"column":24},"end":{"line":205,"column":43}}],"line":201}},"s":{"0":0,"1":0,"2":0,"3":0,"4":0,"5":0,"6":0,"7":0,"8":0,"9":0,"10":0,"11":0,"12":0,"13":0,"14":0,"15":0,"16":0,"17":0,"18":0,"19":0,"20":0,"21":0,"22":0,"23":0,"24":0,"25":0,"26":0,"27":0,"28":0,"29":0,"30":0,"31":0,"32":0,"33":0,"34":0,"35":0,"36":0,"37":0,"38":0,"39":0,"40":0,"41":0,"42":0,"43":0,"44":0,"45":0,"46":0,"47":0,"48":0,"49":0,"50":0,"51":0,"52":0,"53":0,"54":0,"55":0,"56":0,"57":0,"58":0,"59":0,"60":0},"f":{"0":0,"1":0,"2":0,"3":0,"4":0,"5":0,"6":0,"7":0,"8":0,"9":0,"10":0,"11":0,"12":0,"13":0,"14":0,"15":0,"16":0,"17":0,"18":0},"b":{"0":[0,0],"1":[0,0],"2":[0,0],"3":[0,0],"4":[0,0],"5":[0,0],"6":[0,0],"7":[0,0],"8":[0,0,0],"9":[0,0],"10":[0,0],"11":[0,0],"12":[0,0],"13":[0,0],"14":[0,0],"15":[0,0],"16":[0,0],"17":[0,0],"18":[0,0],"19":[0,0]}}
,"/Users/chipmcallister/Projects/PlayPBNow/components/InfoBox.tsx": {"path":"/Users/chipmcallister/Projects/PlayPBNow/components/InfoBox.tsx","statementMap":{"0":{"start":{"line":15,"column":21},"end":{"line":15,"column":31}},"1":{"start":{"line":16,"column":17},"end":{"line":16,"column":66}},"2":{"start":{"line":16,"column":31},"end":{"line":16,"column":55}},"3":{"start":{"line":17,"column":2},"end":{"line":22,"column":4}},"4":{"start":{"line":25,"column":25},"end":{"line":43,"column":2}},"5":{"start":{"line":25,"column":45},"end":{"line":43,"column":2}},"6":{"start":{"line":53,"column":64},"end":{"line":57,"column":1}},"7":{"start":{"line":60,"column":21},"end":{"line":60,"column":31}},"8":{"start":{"line":61,"column":17},"end":{"line":61,"column":68}},"9":{"start":{"line":61,"column":31},"end":{"line":61,"column":57}},"10":{"start":{"line":62,"column":19},"end":{"line":62,"column":40}},"11":{"start":{"line":64,"column":2},"end":{"line":70,"column":4}},"12":{"start":{"line":73,"column":27},"end":{"line":101,"column":2}},"13":{"start":{"line":73,"column":47},"end":{"line":101,"column":2}},"14":{"start":{"line":111,"column":21},"end":{"line":111,"column":31}},"15":{"start":{"line":112,"column":17},"end":{"line":112,"column":69}},"16":{"start":{"line":112,"column":31},"end":{"line":112,"column":58}},"17":{"start":{"line":113,"column":2},"end":{"line":118,"column":4}},"18":{"start":{"line":121,"column":28},"end":{"line":139,"column":2}},"19":{"start":{"line":121,"column":48},"end":{"line":139,"column":2}}},"fnMap":{"0":{"name":"InfoBox","decl":{"start":{"line":14,"column":16},"end":{"line":14,"column":23}},"loc":{"start":{"line":14,"column":63},"end":{"line":23,"column":1}},"line":14},"1":{"name":"(anonymous_1)","decl":{"start":{"line":16,"column":25},"end":{"line":16,"column":26}},"loc":{"start":{"line":16,"column":31},"end":{"line":16,"column":55}},"line":16},"2":{"name":"(anonymous_2)","decl":{"start":{"line":25,"column":25},"end":{"line":25,"column":26}},"loc":{"start":{"line":25,"column":45},"end":{"line":43,"column":2}},"line":25},"3":{"name":"StatusBox","decl":{"start":{"line":59,"column":16},"end":{"line":59,"column":25}},"loc":{"start":{"line":59,"column":69},"end":{"line":71,"column":1}},"line":59},"4":{"name":"(anonymous_4)","decl":{"start":{"line":61,"column":25},"end":{"line":61,"column":26}},"loc":{"start":{"line":61,"column":31},"end":{"line":61,"column":57}},"line":61},"5":{"name":"(anonymous_5)","decl":{"start":{"line":73,"column":27},"end":{"line":73,"column":28}},"loc":{"start":{"line":73,"column":47},"end":{"line":101,"column":2}},"line":73},"6":{"name":"WarningBox","decl":{"start":{"line":110,"column":16},"end":{"line":110,"column":26}},"loc":{"start":{"line":110,"column":72},"end":{"line":119,"column":1}},"line":110},"7":{"name":"(anonymous_7)","decl":{"start":{"line":112,"column":25},"end":{"line":112,"column":26}},"loc":{"start":{"line":112,"column":31},"end":{"line":112,"column":58}},"line":112},"8":{"name":"(anonymous_8)","decl":{"start":{"line":121,"column":28},"end":{"line":121,"column":29}},"loc":{"start":{"line":121,"column":48},"end":{"line":139,"column":2}},"line":121}},"branchMap":{"0":{"loc":{"start":{"line":14,"column":32},"end":{"line":14,"column":45}},"type":"default-arg","locations":[{"start":{"line":14,"column":39},"end":{"line":14,"column":45}}],"line":14},"1":{"loc":{"start":{"line":68,"column":7},"end":{"line":68,"column":60}},"type":"binary-expr","locations":[{"start":{"line":68,"column":7},"end":{"line":68,"column":13}},{"start":{"line":68,"column":17},"end":{"line":68,"column":60}}],"line":68},"2":{"loc":{"start":{"line":110,"column":35},"end":{"line":110,"column":51}},"type":"default-arg","locations":[{"start":{"line":110,"column":42},"end":{"line":110,"column":51}}],"line":110}},"s":{"0":0,"1":0,"2":0,"3":0,"4":0,"5":0,"6":0,"7":0,"8":0,"9":0,"10":0,"11":0,"12":0,"13":0,"14":0,"15":0,"16":0,"17":0,"18":0,"19":0},"f":{"0":0,"1":0,"2":0,"3":0,"4":0,"5":0,"6":0,"7":0,"8":0},"b":{"0":[0],"1":[0,0],"2":[0]}}
,"/Users/chipmcallister/Projects/PlayPBNow/components/JoinMatchModal.tsx": {"path":"/Users/chipmcallister/Projects/PlayPBNow/components/JoinMatchModal.tsx","statementMap":{"0":{"start":{"line":23,"column":16},"end":{"line":23,"column":43}},"1":{"start":{"line":26,"column":19},"end":{"line":26,"column":30}},"2":{"start":{"line":27,"column":23},"end":{"line":27,"column":33}},"3":{"start":{"line":28,"column":19},"end":{"line":28,"column":64}},"4":{"start":{"line":28,"column":33},"end":{"line":28,"column":53}},"5":{"start":{"line":29,"column":38},"end":{"line":29,"column":50}},"6":{"start":{"line":30,"column":34},"end":{"line":30,"column":49}},"7":{"start":{"line":31,"column":44},"end":{"line":31,"column":56}},"8":{"start":{"line":34,"column":22},"end":{"line":34,"column":84}},"9":{"start":{"line":34,"column":40},"end":{"line":34,"column":84}},"10":{"start":{"line":36,"column":23},"end":{"line":104,"column":5}},"11":{"start":{"line":37,"column":8},"end":{"line":37,"column":28}},"12":{"start":{"line":38,"column":21},"end":{"line":38,"column":41}},"13":{"start":{"line":39,"column":8},"end":{"line":42,"column":9}},"14":{"start":{"line":40,"column":12},"end":{"line":40,"column":94}},"15":{"start":{"line":41,"column":12},"end":{"line":41,"column":19}},"16":{"start":{"line":44,"column":8},"end":{"line":44,"column":25}},"17":{"start":{"line":46,"column":8},"end":{"line":103,"column":9}},"18":{"start":{"line":47,"column":27},"end":{"line":47,"column":70}},"19":{"start":{"line":49,"column":12},"end":{"line":49,"column":99}},"20":{"start":{"line":51,"column":29},"end":{"line":58,"column":14}},"21":{"start":{"line":60,"column":33},"end":{"line":60,"column":54}},"22":{"start":{"line":63,"column":12},"end":{"line":69,"column":13}},"23":{"start":{"line":64,"column":16},"end":{"line":64,"column":48}},"24":{"start":{"line":66,"column":16},"end":{"line":66,"column":99}},"25":{"start":{"line":67,"column":16},"end":{"line":67,"column":93}},"26":{"start":{"line":68,"column":16},"end":{"line":68,"column":23}},"27":{"start":{"line":71,"column":12},"end":{"line":97,"column":13}},"28":{"start":{"line":72,"column":16},"end":{"line":72,"column":26}},"29":{"start":{"line":73,"column":16},"end":{"line":73,"column":33}},"30":{"start":{"line":74,"column":16},"end":{"line":74,"column":36}},"31":{"start":{"line":77,"column":30},"end":{"line":81,"column":18}},"32":{"start":{"line":82,"column":16},"end":{"line":92,"column":19}},"33":{"start":{"line":94,"column":34},"end":{"line":94,"column":65}},"34":{"start":{"line":95,"column":16},"end":{"line":95,"column":72}},"35":{"start":{"line":96,"column":16},"end":{"line":96,"column":43}},"36":{"start":{"line":99,"column":12},"end":{"line":99,"column":63}},"37":{"start":{"line":100,"column":12},"end":{"line":100,"column":108}},"38":{"start":{"line":102,"column":12},"end":{"line":102,"column":30}},"39":{"start":{"line":106,"column":4},"end":{"line":169,"column":6}},"40":{"start":{"line":112,"column":59},"end":{"line":112,"column":79}},"41":{"start":{"line":112,"column":80},"end":{"line":112,"column":90}},"42":{"start":{"line":127,"column":54},"end":{"line":127,"column":84}},"43":{"start":{"line":127,"column":85},"end":{"line":127,"column":105}},"44":{"start":{"line":172,"column":21},"end":{"line":254,"column":2}},"45":{"start":{"line":172,"column":41},"end":{"line":254,"column":2}}},"fnMap":{"0":{"name":"JoinMatchModal","decl":{"start":{"line":25,"column":16},"end":{"line":25,"column":30}},"loc":{"start":{"line":25,"column":74},"end":{"line":170,"column":1}},"line":25},"1":{"name":"(anonymous_1)","decl":{"start":{"line":28,"column":27},"end":{"line":28,"column":28}},"loc":{"start":{"line":28,"column":33},"end":{"line":28,"column":53}},"line":28},"2":{"name":"(anonymous_2)","decl":{"start":{"line":34,"column":22},"end":{"line":34,"column":23}},"loc":{"start":{"line":34,"column":40},"end":{"line":34,"column":84}},"line":34},"3":{"name":"(anonymous_3)","decl":{"start":{"line":36,"column":23},"end":{"line":36,"column":24}},"loc":{"start":{"line":36,"column":35},"end":{"line":104,"column":5}},"line":36},"4":{"name":"(anonymous_4)","decl":{"start":{"line":112,"column":51},"end":{"line":112,"column":52}},"loc":{"start":{"line":112,"column":57},"end":{"line":112,"column":92}},"line":112},"5":{"name":"(anonymous_5)","decl":{"start":{"line":127,"column":42},"end":{"line":127,"column":43}},"loc":{"start":{"line":127,"column":52},"end":{"line":127,"column":107}},"line":127},"6":{"name":"(anonymous_6)","decl":{"start":{"line":172,"column":21},"end":{"line":172,"column":22}},"loc":{"start":{"line":172,"column":41},"end":{"line":254,"column":2}},"line":172}},"branchMap":{"0":{"loc":{"start":{"line":39,"column":8},"end":{"line":42,"column":9}},"type":"if","locations":[{"start":{"line":39,"column":8},"end":{"line":42,"column":9}},{"start":{},"end":{}}],"line":39},"1":{"loc":{"start":{"line":47,"column":27},"end":{"line":47,"column":70}},"type":"binary-expr","locations":[{"start":{"line":47,"column":27},"end":{"line":47,"column":64}},{"start":{"line":47,"column":68},"end":{"line":47,"column":70}}],"line":47},"2":{"loc":{"start":{"line":71,"column":12},"end":{"line":97,"column":13}},"type":"if","locations":[{"start":{"line":71,"column":12},"end":{"line":97,"column":13}},{"start":{"line":93,"column":19},"end":{"line":97,"column":13}}],"line":71},"3":{"loc":{"start":{"line":79,"column":29},"end":{"line":79,"column":47}},"type":"binary-expr","locations":[{"start":{"line":79,"column":29},"end":{"line":79,"column":41}},{"start":{"line":79,"column":45},"end":{"line":79,"column":47}}],"line":79},"4":{"loc":{"start":{"line":80,"column":34},"end":{"line":80,"column":51}},"type":"binary-expr","locations":[{"start":{"line":80,"column":34},"end":{"line":80,"column":45}},{"start":{"line":80,"column":49},"end":{"line":80,"column":51}}],"line":80},"5":{"loc":{"start":{"line":90,"column":39},"end":{"line":90,"column":73}},"type":"binary-expr","locations":[{"start":{"line":90,"column":39},"end":{"line":90,"column":67}},{"start":{"line":90,"column":71},"end":{"line":90,"column":73}}],"line":90},"6":{"loc":{"start":{"line":94,"column":34},"end":{"line":94,"column":65}},"type":"binary-expr","locations":[{"start":{"line":94,"column":34},"end":{"line":94,"column":46}},{"start":{"line":94,"column":50},"end":{"line":94,"column":65}}],"line":94},"7":{"loc":{"start":{"line":123,"column":50},"end":{"line":123,"column":98}},"type":"cond-expr","locations":[{"start":{"line":123,"column":65},"end":{"line":123,"column":91}},{"start":{"line":123,"column":94},"end":{"line":123,"column":98}}],"line":123},"8":{"loc":{"start":{"line":132,"column":25},"end":{"line":134,"column":32}},"type":"cond-expr","locations":[{"start":{"line":133,"column":28},"end":{"line":133,"column":80}},{"start":{"line":134,"column":28},"end":{"line":134,"column":32}}],"line":132},"9":{"loc":{"start":{"line":138,"column":48},"end":{"line":138,"column":75}},"type":"binary-expr","locations":[{"start":{"line":138,"column":48},"end":{"line":138,"column":55}},{"start":{"line":138,"column":59},"end":{"line":138,"column":75}}],"line":138},"10":{"loc":{"start":{"line":142,"column":25},"end":{"line":149,"column":25}},"type":"cond-expr","locations":[{"start":{"line":143,"column":28},"end":{"line":143,"column":63}},{"start":{"line":145,"column":28},"end":{"line":148,"column":31}}],"line":142}},"s":{"0":0,"1":0,"2":0,"3":0,"4":0,"5":0,"6":0,"7":0,"8":0,"9":0,"10":0,"11":0,"12":0,"13":0,"14":0,"15":0,"16":0,"17":0,"18":0,"19":0,"20":0,"21":0,"22":0,"23":0,"24":0,"25":0,"26":0,"27":0,"28":0,"29":0,"30":0,"31":0,"32":0,"33":0,"34":0,"35":0,"36":0,"37":0,"38":0,"39":0,"40":0,"41":0,"42":0,"43":0,"44":0,"45":0},"f":{"0":0,"1":0,"2":0,"3":0,"4":0,"5":0,"6":0},"b":{"0":[0,0],"1":[0,0],"2":[0,0],"3":[0,0],"4":[0,0],"5":[0,0],"6":[0,0],"7":[0,0],"8":[0,0],"9":[0,0],"10":[0,0]}}
,"/Users/chipmcallister/Projects/PlayPBNow/components/LoadingBoundary.tsx": {"path":"/Users/chipmcallister/Projects/PlayPBNow/components/LoadingBoundary.tsx","statementMap":{"0":{"start":{"line":50,"column":2},"end":{"line":52,"column":3}},"1":{"start":{"line":51,"column":4},"end":{"line":51,"column":56}},"2":{"start":{"line":55,"column":2},"end":{"line":57,"column":3}},"3":{"start":{"line":56,"column":4},"end":{"line":56,"column":92}},"4":{"start":{"line":60,"column":2},"end":{"line":62,"column":3}},"5":{"start":{"line":61,"column":4},"end":{"line":61,"column":57}},"6":{"start":{"line":65,"column":2},"end":{"line":65,"column":25}},"7":{"start":{"line":72,"column":2},"end":{"line":77,"column":4}},"8":{"start":{"line":84,"column":2},"end":{"line":88,"column":4}},"9":{"start":{"line":95,"column":23},"end":{"line":95,"column":81}},"10":{"start":{"line":97,"column":2},"end":{"line":123,"column":4}},"11":{"start":{"line":140,"column":2},"end":{"line":152,"column":4}},"12":{"start":{"line":167,"column":2},"end":{"line":175,"column":4}},"13":{"start":{"line":170,"column":8},"end":{"line":172,"column":15}},"14":{"start":{"line":192,"column":2},"end":{"line":198,"column":4}},"15":{"start":{"line":213,"column":2},"end":{"line":225,"column":4}},"16":{"start":{"line":216,"column":8},"end":{"line":222,"column":15}},"17":{"start":{"line":218,"column":12},"end":{"line":220,"column":19}},"18":{"start":{"line":228,"column":15},"end":{"line":317,"column":2}}},"fnMap":{"0":{"name":"LoadingBoundary","decl":{"start":{"line":34,"column":16},"end":{"line":34,"column":31}},"loc":{"start":{"line":43,"column":25},"end":{"line":66,"column":1}},"line":43},"1":{"name":"DefaultLoadingSpinner","decl":{"start":{"line":71,"column":9},"end":{"line":71,"column":30}},"loc":{"start":{"line":71,"column":33},"end":{"line":78,"column":1}},"line":71},"2":{"name":"DefaultEmptyState","decl":{"start":{"line":83,"column":9},"end":{"line":83,"column":26}},"loc":{"start":{"line":83,"column":29},"end":{"line":89,"column":1}},"line":83},"3":{"name":"DefaultErrorFallback","decl":{"start":{"line":94,"column":9},"end":{"line":94,"column":29}},"loc":{"start":{"line":94,"column":90},"end":{"line":124,"column":1}},"line":94},"4":{"name":"SkeletonPlaceholder","decl":{"start":{"line":129,"column":16},"end":{"line":129,"column":35}},"loc":{"start":{"line":139,"column":3},"end":{"line":153,"column":1}},"line":139},"5":{"name":"SkeletonList","decl":{"start":{"line":158,"column":16},"end":{"line":158,"column":28}},"loc":{"start":{"line":166,"column":3},"end":{"line":176,"column":1}},"line":166},"6":{"name":"(anonymous_6)","decl":{"start":{"line":169,"column":41},"end":{"line":169,"column":42}},"loc":{"start":{"line":170,"column":8},"end":{"line":172,"column":15}},"line":170},"7":{"name":"SkeletonCard","decl":{"start":{"line":181,"column":16},"end":{"line":181,"column":28}},"loc":{"start":{"line":191,"column":3},"end":{"line":199,"column":1}},"line":191},"8":{"name":"SkeletonTable","decl":{"start":{"line":204,"column":16},"end":{"line":204,"column":29}},"loc":{"start":{"line":212,"column":3},"end":{"line":226,"column":1}},"line":212},"9":{"name":"(anonymous_9)","decl":{"start":{"line":215,"column":40},"end":{"line":215,"column":41}},"loc":{"start":{"line":216,"column":8},"end":{"line":222,"column":15}},"line":216},"10":{"name":"(anonymous_10)","decl":{"start":{"line":217,"column":47},"end":{"line":217,"column":48}},"loc":{"start":{"line":218,"column":12},"end":{"line":220,"column":19}},"line":218}},"branchMap":{"0":{"loc":{"start":{"line":35,"column":2},"end":{"line":35,"column":19}},"type":"default-arg","locations":[{"start":{"line":35,"column":14},"end":{"line":35,"column":19}}],"line":35},"1":{"loc":{"start":{"line":37,"column":2},"end":{"line":37,"column":17}},"type":"default-arg","locations":[{"start":{"line":37,"column":12},"end":{"line":37,"column":17}}],"line":37},"2":{"loc":{"start":{"line":50,"column":2},"end":{"line":52,"column":3}},"type":"if","locations":[{"start":{"line":50,"column":2},"end":{"line":52,"column":3}},{"start":{},"end":{}}],"line":50},"3":{"loc":{"start":{"line":51,"column":14},"end":{"line":51,"column":51}},"type":"binary-expr","locations":[{"start":{"line":51,"column":14},"end":{"line":51,"column":22}},{"start":{"line":51,"column":26},"end":{"line":51,"column":51}}],"line":51},"4":{"loc":{"start":{"line":55,"column":2},"end":{"line":57,"column":3}},"type":"if","locations":[{"start":{"line":55,"column":2},"end":{"line":57,"column":3}},{"start":{},"end":{}}],"line":55},"5":{"loc":{"start":{"line":56,"column":14},"end":{"line":56,"column":87}},"type":"binary-expr","locations":[{"start":{"line":56,"column":14},"end":{"line":56,"column":27}},{"start":{"line":56,"column":31},"end":{"line":56,"column":87}}],"line":56},"6":{"loc":{"start":{"line":60,"column":2},"end":{"line":62,"column":3}},"type":"if","locations":[{"start":{"line":60,"column":2},"end":{"line":62,"column":3}},{"start":{},"end":{}}],"line":60},"7":{"loc":{"start":{"line":61,"column":14},"end":{"line":61,"column":52}},"type":"binary-expr","locations":[{"start":{"line":61,"column":14},"end":{"line":61,"column":27}},{"start":{"line":61,"column":31},"end":{"line":61,"column":52}}],"line":61},"8":{"loc":{"start":{"line":95,"column":23},"end":{"line":95,"column":81}},"type":"binary-expr","locations":[{"start":{"line":95,"column":23},"end":{"line":95,"column":36}},{"start":{"line":95,"column":40},"end":{"line":95,"column":81}}],"line":95},"9":{"loc":{"start":{"line":109,"column":7},"end":{"line":121,"column":7}},"type":"binary-expr","locations":[{"start":{"line":109,"column":7},"end":{"line":109,"column":14}},{"start":{"line":110,"column":8},"end":{"line":120,"column":15}}],"line":109},"10":{"loc":{"start":{"line":130,"column":2},"end":{"line":130,"column":16}},"type":"default-arg","locations":[{"start":{"line":130,"column":10},"end":{"line":130,"column":16}}],"line":130},"11":{"loc":{"start":{"line":131,"column":2},"end":{"line":131,"column":13}},"type":"default-arg","locations":[{"start":{"line":131,"column":11},"end":{"line":131,"column":13}}],"line":131},"12":{"loc":{"start":{"line":132,"column":2},"end":{"line":132,"column":18}},"type":"default-arg","locations":[{"start":{"line":132,"column":17},"end":{"line":132,"column":18}}],"line":132},"13":{"loc":{"start":{"line":159,"column":2},"end":{"line":159,"column":11}},"type":"default-arg","locations":[{"start":{"line":159,"column":10},"end":{"line":159,"column":11}}],"line":159},"14":{"loc":{"start":{"line":160,"column":2},"end":{"line":160,"column":17}},"type":"default-arg","locations":[{"start":{"line":160,"column":15},"end":{"line":160,"column":17}}],"line":160},"15":{"loc":{"start":{"line":161,"column":2},"end":{"line":161,"column":13}},"type":"default-arg","locations":[{"start":{"line":161,"column":12},"end":{"line":161,"column":13}}],"line":161},"16":{"loc":{"start":{"line":182,"column":2},"end":{"line":182,"column":18}},"type":"default-arg","locations":[{"start":{"line":182,"column":16},"end":{"line":182,"column":18}}],"line":182},"17":{"loc":{"start":{"line":183,"column":2},"end":{"line":183,"column":20}},"type":"default-arg","locations":[{"start":{"line":183,"column":15},"end":{"line":183,"column":20}}],"line":183},"18":{"loc":{"start":{"line":184,"column":2},"end":{"line":184,"column":20}},"type":"default-arg","locations":[{"start":{"line":184,"column":18},"end":{"line":184,"column":20}}],"line":184},"19":{"loc":{"start":{"line":185,"column":2},"end":{"line":185,"column":23}},"type":"default-arg","locations":[{"start":{"line":185,"column":17},"end":{"line":185,"column":23}}],"line":185},"20":{"loc":{"start":{"line":205,"column":2},"end":{"line":205,"column":10}},"type":"default-arg","locations":[{"start":{"line":205,"column":9},"end":{"line":205,"column":10}}],"line":205},"21":{"loc":{"start":{"line":206,"column":2},"end":{"line":206,"column":13}},"type":"default-arg","locations":[{"start":{"line":206,"column":12},"end":{"line":206,"column":13}}],"line":206},"22":{"loc":{"start":{"line":207,"column":2},"end":{"line":207,"column":17}},"type":"default-arg","locations":[{"start":{"line":207,"column":15},"end":{"line":207,"column":17}}],"line":207}},"s":{"0":21,"1":7,"2":14,"3":7,"4":7,"5":1,"6":6,"7":1,"8":0,"9":6,"10":6,"11":0,"12":0,"13":0,"14":0,"15":0,"16":0,"17":0,"18":1},"f":{"0":21,"1":1,"2":0,"3":6,"4":0,"5":0,"6":0,"7":0,"8":0,"9":0,"10":0},"b":{"0":[1],"1":[19],"2":[7,14],"3":[7,1],"4":[7,7],"5":[7,6],"6":[1,6],"7":[1,0],"8":[6,0],"9":[6,3],"10":[0],"11":[0],"12":[0],"13":[0],"14":[0],"15":[0],"16":[0],"17":[0],"18":[0],"19":[0],"20":[0],"21":[0],"22":[0]},"_coverageSchema":"1a1c01bbd47fc00a2c39e90264f33305004495a9","hash":"ec1ac194693b33ab0f9f85719e94d2593bed79ca"}
,"/Users/chipmcallister/Projects/PlayPBNow/components/MatchCard.tsx": {"path":"/Users/chipmcallister/Projects/PlayPBNow/components/MatchCard.tsx","statementMap":{"0":{"start":{"line":13,"column":23},"end":{"line":13,"column":33}},"1":{"start":{"line":14,"column":19},"end":{"line":14,"column":64}},"2":{"start":{"line":14,"column":33},"end":{"line":14,"column":53}},"3":{"start":{"line":16,"column":20},"end":{"line":16,"column":39}},"4":{"start":{"line":17,"column":17},"end":{"line":21,"column":6}},"5":{"start":{"line":22,"column":18},"end":{"line":22,"column":65}},"6":{"start":{"line":24,"column":4},"end":{"line":48,"column":6}},"7":{"start":{"line":51,"column":21},"end":{"line":62,"column":2}},"8":{"start":{"line":51,"column":41},"end":{"line":62,"column":2}}},"fnMap":{"0":{"name":"MatchCard","decl":{"start":{"line":12,"column":16},"end":{"line":12,"column":25}},"loc":{"start":{"line":12,"column":53},"end":{"line":49,"column":1}},"line":12},"1":{"name":"(anonymous_1)","decl":{"start":{"line":14,"column":27},"end":{"line":14,"column":28}},"loc":{"start":{"line":14,"column":33},"end":{"line":14,"column":53}},"line":14},"2":{"name":"(anonymous_2)","decl":{"start":{"line":51,"column":21},"end":{"line":51,"column":22}},"loc":{"start":{"line":51,"column":41},"end":{"line":62,"column":2}},"line":51}},"branchMap":{"0":{"loc":{"start":{"line":22,"column":18},"end":{"line":22,"column":65}},"type":"cond-expr","locations":[{"start":{"line":22,"column":32},"end":{"line":22,"column":58}},{"start":{"line":22,"column":61},"end":{"line":22,"column":65}}],"line":22},"1":{"loc":{"start":{"line":33,"column":48},"end":{"line":33,"column":92}},"type":"cond-expr","locations":[{"start":{"line":33,"column":58},"end":{"line":33,"column":73}},{"start":{"line":33,"column":76},"end":{"line":33,"column":92}}],"line":33},"2":{"loc":{"start":{"line":43,"column":48},"end":{"line":43,"column":93}},"type":"cond-expr","locations":[{"start":{"line":43,"column":59},"end":{"line":43,"column":74}},{"start":{"line":43,"column":77},"end":{"line":43,"column":93}}],"line":43}},"s":{"0":0,"1":0,"2":0,"3":0,"4":0,"5":0,"6":0,"7":0,"8":0},"f":{"0":0,"1":0,"2":0},"b":{"0":[0,0],"1":[0,0],"2":[0,0]}}
,"/Users/chipmcallister/Projects/PlayPBNow/components/PaywallModal.tsx": {"path":"/Users/chipmcallister/Projects/PlayPBNow/components/PaywallModal.tsx","statementMap":{"0":{"start":{"line":20,"column":17},"end":{"line":26,"column":1}},"1":{"start":{"line":28,"column":14},"end":{"line":28,"column":35}},"2":{"start":{"line":30,"column":38},"end":{"line":274,"column":1}},"3":{"start":{"line":37,"column":8},"end":{"line":37,"column":25}},"4":{"start":{"line":38,"column":23},"end":{"line":38,"column":33}},"5":{"start":{"line":39,"column":19},"end":{"line":39,"column":64}},"6":{"start":{"line":39,"column":33},"end":{"line":39,"column":53}},"7":{"start":{"line":40,"column":38},"end":{"line":40,"column":50}},"8":{"start":{"line":41,"column":48},"end":{"line":41,"column":63}},"9":{"start":{"line":43,"column":25},"end":{"line":43,"column":75}},"10":{"start":{"line":44,"column":24},"end":{"line":44,"column":74}},"11":{"start":{"line":45,"column":26},"end":{"line":47,"column":20}},"12":{"start":{"line":49,"column":34},"end":{"line":57,"column":5}},"13":{"start":{"line":50,"column":8},"end":{"line":53,"column":9}},"14":{"start":{"line":51,"column":12},"end":{"line":51,"column":47}},"15":{"start":{"line":52,"column":12},"end":{"line":52,"column":19}},"16":{"start":{"line":54,"column":8},"end":{"line":54,"column":39}},"17":{"start":{"line":54,"column":32},"end":{"line":54,"column":39}},"18":{"start":{"line":55,"column":24},"end":{"line":55,"column":69}},"19":{"start":{"line":56,"column":8},"end":{"line":56,"column":35}},"20":{"start":{"line":56,"column":21},"end":{"line":56,"column":35}},"21":{"start":{"line":59,"column":33},"end":{"line":67,"column":5}},"22":{"start":{"line":60,"column":8},"end":{"line":63,"column":9}},"23":{"start":{"line":61,"column":12},"end":{"line":61,"column":46}},"24":{"start":{"line":62,"column":12},"end":{"line":62,"column":19}},"25":{"start":{"line":64,"column":8},"end":{"line":64,"column":38}},"26":{"start":{"line":64,"column":31},"end":{"line":64,"column":38}},"27":{"start":{"line":65,"column":24},"end":{"line":65,"column":68}},"28":{"start":{"line":66,"column":8},"end":{"line":66,"column":35}},"29":{"start":{"line":66,"column":21},"end":{"line":66,"column":35}},"30":{"start":{"line":69,"column":26},"end":{"line":72,"column":5}},"31":{"start":{"line":70,"column":24},"end":{"line":70,"column":48}},"32":{"start":{"line":71,"column":8},"end":{"line":71,"column":35}},"33":{"start":{"line":71,"column":21},"end":{"line":71,"column":35}},"34":{"start":{"line":74,"column":30},"end":{"line":82,"column":5}},"35":{"start":{"line":75,"column":8},"end":{"line":75,"column":38}},"36":{"start":{"line":75,"column":31},"end":{"line":75,"column":38}},"37":{"start":{"line":76,"column":24},"end":{"line":76,"column":63}},"38":{"start":{"line":77,"column":8},"end":{"line":81,"column":9}},"39":{"start":{"line":78,"column":12},"end":{"line":78,"column":29}},"40":{"start":{"line":79,"column":12},"end":{"line":79,"column":37}},"41":{"start":{"line":80,"column":12},"end":{"line":80,"column":26}},"42":{"start":{"line":84,"column":4},"end":{"line":273,"column":6}},"43":{"start":{"line":111,"column":28},"end":{"line":119,"column":35}},"44":{"start":{"line":199,"column":95},"end":{"line":199,"column":118}},"45":{"start":{"line":259,"column":65},"end":{"line":259,"column":118}},"46":{"start":{"line":263,"column":65},"end":{"line":263,"column":116}},"47":{"start":{"line":276,"column":21},"end":{"line":562,"column":2}},"48":{"start":{"line":276,"column":41},"end":{"line":562,"column":2}}},"fnMap":{"0":{"name":"(anonymous_0)","decl":{"start":{"line":30,"column":38},"end":{"line":30,"column":39}},"loc":{"start":{"line":30,"column":44},"end":{"line":274,"column":1}},"line":30},"1":{"name":"(anonymous_1)","decl":{"start":{"line":39,"column":27},"end":{"line":39,"column":28}},"loc":{"start":{"line":39,"column":33},"end":{"line":39,"column":53}},"line":39},"2":{"name":"(anonymous_2)","decl":{"start":{"line":49,"column":34},"end":{"line":49,"column":35}},"loc":{"start":{"line":49,"column":46},"end":{"line":57,"column":5}},"line":49},"3":{"name":"(anonymous_3)","decl":{"start":{"line":59,"column":33},"end":{"line":59,"column":34}},"loc":{"start":{"line":59,"column":45},"end":{"line":67,"column":5}},"line":59},"4":{"name":"(anonymous_4)","decl":{"start":{"line":69,"column":26},"end":{"line":69,"column":27}},"loc":{"start":{"line":69,"column":38},"end":{"line":72,"column":5}},"line":69},"5":{"name":"(anonymous_5)","decl":{"start":{"line":74,"column":30},"end":{"line":74,"column":31}},"loc":{"start":{"line":74,"column":42},"end":{"line":82,"column":5}},"line":74},"6":{"name":"(anonymous_6)","decl":{"start":{"line":110,"column":38},"end":{"line":110,"column":39}},"loc":{"start":{"line":111,"column":28},"end":{"line":119,"column":35}},"line":111},"7":{"name":"(anonymous_7)","decl":{"start":{"line":199,"column":89},"end":{"line":199,"column":90}},"loc":{"start":{"line":199,"column":95},"end":{"line":199,"column":118}},"line":199},"8":{"name":"(anonymous_8)","decl":{"start":{"line":259,"column":59},"end":{"line":259,"column":60}},"loc":{"start":{"line":259,"column":65},"end":{"line":259,"column":118}},"line":259},"9":{"name":"(anonymous_9)","decl":{"start":{"line":263,"column":59},"end":{"line":263,"column":60}},"loc":{"start":{"line":263,"column":65},"end":{"line":263,"column":116}},"line":263},"10":{"name":"(anonymous_10)","decl":{"start":{"line":276,"column":21},"end":{"line":276,"column":22}},"loc":{"start":{"line":276,"column":41},"end":{"line":562,"column":2}},"line":276}},"branchMap":{"0":{"loc":{"start":{"line":43,"column":25},"end":{"line":43,"column":75}},"type":"binary-expr","locations":[{"start":{"line":43,"column":25},"end":{"line":43,"column":64}},{"start":{"line":43,"column":68},"end":{"line":43,"column":75}}],"line":43},"1":{"loc":{"start":{"line":44,"column":24},"end":{"line":44,"column":74}},"type":"binary-expr","locations":[{"start":{"line":44,"column":24},"end":{"line":44,"column":62}},{"start":{"line":44,"column":66},"end":{"line":44,"column":74}}],"line":44},"2":{"loc":{"start":{"line":45,"column":26},"end":{"line":47,"column":20}},"type":"cond-expr","locations":[{"start":{"line":46,"column":10},"end":{"line":46,"column":67}},{"start":{"line":47,"column":10},"end":{"line":47,"column":20}}],"line":45},"3":{"loc":{"start":{"line":50,"column":8},"end":{"line":53,"column":9}},"type":"if","locations":[{"start":{"line":50,"column":8},"end":{"line":53,"column":9}},{"start":{},"end":{}}],"line":50},"4":{"loc":{"start":{"line":54,"column":8},"end":{"line":54,"column":39}},"type":"if","locations":[{"start":{"line":54,"column":8},"end":{"line":54,"column":39}},{"start":{},"end":{}}],"line":54},"5":{"loc":{"start":{"line":56,"column":8},"end":{"line":56,"column":35}},"type":"if","locations":[{"start":{"line":56,"column":8},"end":{"line":56,"column":35}},{"start":{},"end":{}}],"line":56},"6":{"loc":{"start":{"line":60,"column":8},"end":{"line":63,"column":9}},"type":"if","locations":[{"start":{"line":60,"column":8},"end":{"line":63,"column":9}},{"start":{},"end":{}}],"line":60},"7":{"loc":{"start":{"line":64,"column":8},"end":{"line":64,"column":38}},"type":"if","locations":[{"start":{"line":64,"column":8},"end":{"line":64,"column":38}},{"start":{},"end":{}}],"line":64},"8":{"loc":{"start":{"line":66,"column":8},"end":{"line":66,"column":35}},"type":"if","locations":[{"start":{"line":66,"column":8},"end":{"line":66,"column":35}},{"start":{},"end":{}}],"line":66},"9":{"loc":{"start":{"line":71,"column":8},"end":{"line":71,"column":35}},"type":"if","locations":[{"start":{"line":71,"column":8},"end":{"line":71,"column":35}},{"start":{},"end":{}}],"line":71},"10":{"loc":{"start":{"line":75,"column":8},"end":{"line":75,"column":38}},"type":"if","locations":[{"start":{"line":75,"column":8},"end":{"line":75,"column":38}},{"start":{},"end":{}}],"line":75},"11":{"loc":{"start":{"line":77,"column":8},"end":{"line":81,"column":9}},"type":"if","locations":[{"start":{"line":77,"column":8},"end":{"line":81,"column":9}},{"start":{},"end":{}}],"line":77},"12":{"loc":{"start":{"line":104,"column":21},"end":{"line":106,"column":28}},"type":"cond-expr","locations":[{"start":{"line":105,"column":24},"end":{"line":105,"column":76}},{"start":{"line":106,"column":24},"end":{"line":106,"column":28}}],"line":104},"13":{"loc":{"start":{"line":124,"column":21},"end":{"line":131,"column":21}},"type":"binary-expr","locations":[{"start":{"line":124,"column":21},"end":{"line":124,"column":28}},{"start":{"line":124,"column":32},"end":{"line":124,"column":54}},{"start":{"line":125,"column":24},"end":{"line":130,"column":31}}],"line":124},"14":{"loc":{"start":{"line":134,"column":21},"end":{"line":220,"column":21}},"type":"binary-expr","locations":[{"start":{"line":134,"column":21},"end":{"line":134,"column":27}},{"start":{"line":135,"column":24},"end":{"line":219,"column":31}}],"line":134},"15":{"loc":{"start":{"line":137,"column":29},"end":{"line":142,"column":29}},"type":"binary-expr","locations":[{"start":{"line":137,"column":29},"end":{"line":137,"column":35}},{"start":{"line":137,"column":39},"end":{"line":137,"column":55}},{"start":{"line":138,"column":32},"end":{"line":141,"column":39}}],"line":137},"16":{"loc":{"start":{"line":145,"column":29},"end":{"line":152,"column":29}},"type":"binary-expr","locations":[{"start":{"line":145,"column":29},"end":{"line":145,"column":35}},{"start":{"line":145,"column":39},"end":{"line":145,"column":53}},{"start":{"line":145,"column":57},"end":{"line":145,"column":74}},{"start":{"line":146,"column":32},"end":{"line":151,"column":39}}],"line":145},"17":{"loc":{"start":{"line":155,"column":29},"end":{"line":175,"column":29}},"type":"binary-expr","locations":[{"start":{"line":155,"column":30},"end":{"line":155,"column":35}},{"start":{"line":155,"column":40},"end":{"line":155,"column":57}},{"start":{"line":155,"column":61},"end":{"line":155,"column":76}},{"start":{"line":156,"column":28},"end":{"line":174,"column":47}}],"line":155},"18":{"loc":{"start":{"line":159,"column":42},"end":{"line":159,"column":90}},"type":"binary-expr","locations":[{"start":{"line":159,"column":42},"end":{"line":159,"column":57}},{"start":{"line":159,"column":62},"end":{"line":159,"column":68}},{"start":{"line":159,"column":72},"end":{"line":159,"column":89}}],"line":159},"19":{"loc":{"start":{"line":162,"column":33},"end":{"line":173,"column":33}},"type":"cond-expr","locations":[{"start":{"line":163,"column":36},"end":{"line":163,"column":73}},{"start":{"line":165,"column":36},"end":{"line":172,"column":39}}],"line":162},"20":{"loc":{"start":{"line":178,"column":29},"end":{"line":194,"column":29}},"type":"binary-expr","locations":[{"start":{"line":178,"column":30},"end":{"line":178,"column":35}},{"start":{"line":178,"column":40},"end":{"line":178,"column":57}},{"start":{"line":178,"column":61},"end":{"line":178,"column":76}},{"start":{"line":179,"column":28},"end":{"line":193,"column":47}}],"line":178},"21":{"loc":{"start":{"line":182,"column":42},"end":{"line":182,"column":91}},"type":"binary-expr","locations":[{"start":{"line":182,"column":42},"end":{"line":182,"column":57}},{"start":{"line":182,"column":62},"end":{"line":182,"column":68}},{"start":{"line":182,"column":72},"end":{"line":182,"column":90}}],"line":182},"22":{"loc":{"start":{"line":185,"column":33},"end":{"line":192,"column":33}},"type":"cond-expr","locations":[{"start":{"line":186,"column":36},"end":{"line":186,"column":77}},{"start":{"line":188,"column":36},"end":{"line":191,"column":39}}],"line":185},"23":{"loc":{"start":{"line":197,"column":29},"end":{"line":218,"column":29}},"type":"binary-expr","locations":[{"start":{"line":197,"column":29},"end":{"line":197,"column":34}},{"start":{"line":198,"column":32},"end":{"line":217,"column":33}}],"line":197},"24":{"loc":{"start":{"line":198,"column":32},"end":{"line":217,"column":33}},"type":"cond-expr","locations":[{"start":{"line":199,"column":36},"end":{"line":201,"column":55}},{"start":{"line":203,"column":36},"end":{"line":216,"column":43}}],"line":198},"25":{"loc":{"start":{"line":223,"column":21},"end":{"line":230,"column":21}},"type":"binary-expr","locations":[{"start":{"line":223,"column":21},"end":{"line":223,"column":26}},{"start":{"line":224,"column":24},"end":{"line":229,"column":31}}],"line":223},"26":{"loc":{"start":{"line":233,"column":21},"end":{"line":237,"column":21}},"type":"binary-expr","locations":[{"
[...]
end":{"line":205,"column":3}},"line":191},"13":{"name":"(anonymous_13)","decl":{"start":{"line":210,"column":2},"end":{"line":210,"column":3}},"loc":{"start":{"line":210,"column":65},"end":{"line":281,"column":3}},"line":210},"14":{"name":"(anonymous_14)","decl":{"start":{"line":286,"column":2},"end":{"line":286,"column":3}},"loc":{"start":{"line":286,"column":93},"end":{"line":331,"column":3}},"line":286},"15":{"name":"(anonymous_15)","decl":{"start":{"line":336,"column":2},"end":{"line":336,"column":3}},"loc":{"start":{"line":336,"column":43},"end":{"line":338,"column":3}},"line":336},"16":{"name":"(anonymous_16)","decl":{"start":{"line":337,"column":23},"end":{"line":337,"column":24}},"loc":{"start":{"line":337,"column":36},"end":{"line":337,"column":59}},"line":337},"17":{"name":"(anonymous_17)","decl":{"start":{"line":343,"column":2},"end":{"line":343,"column":3}},"loc":{"start":{"line":343,"column":69},"end":{"line":347,"column":3}},"line":343},"18":{"name":"(anonymous_18)","decl":{"start":{"line":349,"column":2},"end":{"line":349,"column":3}},"loc":{"start":{"line":349,"column":73},"end":{"line":353,"column":3}},"line":349},"19":{"name":"(anonymous_19)","decl":{"start":{"line":355,"column":2},"end":{"line":355,"column":3}},"loc":{"start":{"line":355,"column":69},"end":{"line":360,"column":3}},"line":355},"20":{"name":"(anonymous_20)","decl":{"start":{"line":365,"column":2},"end":{"line":365,"column":3}},"loc":{"start":{"line":365,"column":42},"end":{"line":367,"column":3}},"line":365},"21":{"name":"(anonymous_21)","decl":{"start":{"line":372,"column":2},"end":{"line":372,"column":3}},"loc":{"start":{"line":372,"column":53},"end":{"line":374,"column":3}},"line":372}},"branchMap":{"0":{"loc":{"start":{"line":34,"column":4},"end":{"line":36,"column":5}},"type":"if","locations":[{"start":{"line":34,"column":4},"end":{"line":36,"column":5}},{"start":{},"end":{}}],"line":34},"1":{"loc":{"start":{"line":47,"column":4},"end":{"line":47,"column":32}},"type":"default-arg","locations":[{"start":{"line":47,"column":30},"end":{"line":47,"column":32}}],"line":47},"2":{"loc":{"start":{"line":49,"column":12},"end":{"line":49,"column":37}},"type":"default-arg","locations":[{"start":{"line":49,"column":22},"end":{"line":49,"column":37}}],"line":49},"3":{"loc":{"start":{"line":49,"column":39},"end":{"line":49,"column":63}},"type":"default-arg","locations":[{"start":{"line":49,"column":52},"end":{"line":49,"column":63}}],"line":49},"4":{"loc":{"start":{"line":49,"column":65},"end":{"line":49,"column":81}},"type":"default-arg","locations":[{"start":{"line":49,"column":76},"end":{"line":49,"column":81}}],"line":49},"5":{"loc":{"start":{"line":52,"column":27},"end":{"line":52,"column":67}},"type":"cond-expr","locations":[{"start":{"line":52,"column":50},"end":{"line":52,"column":54}},{"start":{"line":52,"column":57},"end":{"line":52,"column":67}}],"line":52},"6":{"loc":{"start":{"line":71,"column":18},"end":{"line":71,"column":69}},"type":"cond-expr","locations":[{"start":{"line":71,"column":37},"end":{"line":71,"column":57}},{"start":{"line":71,"column":60},"end":{"line":71,"column":69}}],"line":71},"7":{"loc":{"start":{"line":96,"column":36},"end":{"line":96,"column":64}},"type":"default-arg","locations":[{"start":{"line":96,"column":62},"end":{"line":96,"column":64}}],"line":96},"8":{"loc":{"start":{"line":103,"column":48},"end":{"line":103,"column":76}},"type":"default-arg","locations":[{"start":{"line":103,"column":74},"end":{"line":103,"column":76}}],"line":103},"9":{"loc":{"start":{"line":110,"column":47},"end":{"line":110,"column":75}},"type":"default-arg","locations":[{"start":{"line":110,"column":73},"end":{"line":110,"column":75}}],"line":110},"10":{"loc":{"start":{"line":117,"column":39},"end":{"line":117,"column":67}},"type":"default-arg","locations":[{"start":{"line":117,"column":65},"end":{"line":117,"column":67}}],"line":117},"11":{"loc":{"start":{"line":125,"column":36},"end":{"line":125,"column":61}},"type":"default-arg","locations":[{"start":{"line":125,"column":56},"end":{"line":125,"column":61}}],"line":125},"12":{"loc":{"start":{"line":126,"column":4},"end":{"line":128,"column":5}},"type":"if","locations":[{"start":{"line":126,"column":4},"end":{"line":128,"column":5}},{"start":{},"end":{}}],"line":126},"13":{"loc":{"start":{"line":133,"column":4},"end":{"line":135,"column":5}},"type":"if","locations":[{"start":{"line":133,"column":4},"end":{"line":135,"column":5}},{"start":{},"end":{}}],"line":133},"14":{"loc":{"start":{"line":146,"column":4},"end":{"line":148,"column":5}},"type":"if","locations":[{"start":{"line":146,"column":4},"end":{"line":148,"column":5}},{"start":{},"end":{}}],"line":146},"15":{"loc":{"start":{"line":146,"column":8},"end":{"line":146,"column":48}},"type":"binary-expr","locations":[{"start":{"line":146,"column":8},"end":{"line":146,"column":25}},{"start":{"line":146,"column":29},"end":{"line":146,"column":48}}],"line":146},"16":{"loc":{"start":{"line":159,"column":8},"end":{"line":161,"column":9}},"type":"if","locations":[{"start":{"line":159,"column":8},"end":{"line":161,"column":9}},{"start":{},"end":{}}],"line":159},"17":{"loc":{"start":{"line":165,"column":8},"end":{"line":169,"column":9}},"type":"if","locations":[{"start":{"line":165,"column":8},"end":{"line":169,"column":9}},{"start":{},"end":{}}],"line":165},"18":{"loc":{"start":{"line":165,"column":12},"end":{"line":165,"column":57}},"type":"binary-expr","locations":[{"start":{"line":165,"column":12},"end":{"line":165,"column":37}},{"start":{"line":165,"column":41},"end":{"line":165,"column":57}}],"line":165},"19":{"loc":{"start":{"line":189,"column":4},"end":{"line":189,"column":29}},"type":"default-arg","locations":[{"start":{"line":189,"column":24},"end":{"line":189,"column":29}}],"line":189},"20":{"loc":{"start":{"line":190,"column":4},"end":{"line":190,"column":46}},"type":"default-arg","locations":[{"start":{"line":190,"column":44},"end":{"line":190,"column":46}}],"line":190},"21":{"loc":{"start":{"line":197,"column":4},"end":{"line":202,"column":5}},"type":"if","locations":[{"start":{"line":197,"column":4},"end":{"line":202,"column":5}},{"start":{},"end":{}}],"line":197},"22":{"loc":{"start":{"line":199,"column":6},"end":{"line":201,"column":7}},"type":"if","locations":[{"start":{"line":199,"column":6},"end":{"line":201,"column":7}},{"start":{},"end":{}}],"line":199},"23":{"loc":{"start":{"line":212,"column":4},"end":{"line":214,"column":5}},"type":"if","locations":[{"start":{"line":212,"column":4},"end":{"line":214,"column":5}},{"start":{},"end":{}}],"line":212},"24":{"loc":{"start":{"line":212,"column":8},"end":{"line":212,"column":45}},"type":"binary-expr","locations":[{"start":{"line":212,"column":8},"end":{"line":212,"column":20}},{"start":{"line":212,"column":24},"end":{"line":212,"column":45}}],"line":212},"25":{"loc":{"start":{"line":219,"column":13},"end":{"line":219,"column":41}},"type":"cond-expr","locations":[{"start":{"line":219,"column":20},"end":{"line":219,"column":36}},{"start":{"line":219,"column":39},"end":{"line":219,"column":41}}],"line":219},"26":{"loc":{"start":{"line":225,"column":4},"end":{"line":233,"column":5}},"type":"if","locations":[{"start":{"line":225,"column":4},"end":{"line":233,"column":5}},{"start":{},"end":{}}],"line":225},"27":{"loc":{"start":{"line":235,"column":4},"end":{"line":237,"column":5}},"type":"if","locations":[{"start":{"line":235,"column":4},"end":{"line":237,"column":5}},{"start":{},"end":{}}],"line":235},"28":{"loc":{"start":{"line":236,"column":30},"end":{"line":236,"column":63}},"type":"binary-expr","locations":[{"start":{"line":236,"column":30},"end":{"line":236,"column":49}},{"start":{"line":236,"column":53},"end":{"line":236,"column":63}}],"line":236},"29":{"loc":{"start":{"line":239,"column":4},"end":{"line":245,"column":5}},"type":"if","locations":[{"start":{"line":239,"column":4},"end":{"line":245,"column":5}},{"start":{},"end":{}}],"line":239},"30":{"loc":{"start":{"line":242,"column":8},"end":{"line":242,"column":50}},"type":"binary-expr","locations":[{"start":{"line":242,"column":8},"end":{"line":242,"column":27}},{"start":{"line":242,"column":31},"end":{"line":242,"column":50}}],"line":242},"31":{"loc":{"start":{"line":243,"column":8},"end":{"line":243,"column":32}},"type":"binary-expr","locations":[{"start":{"line":243,"column":8},"end":{"line":243,"column":26}},{"start":{"line":243,"column":30},"end":{"line":243,"column":32}}],"line":243},"32":{"loc":{"start":{"line":247,"column":4},"end":{"line":250,"column":5}},"type":"if","locations":[{"start":{"line":247,"column":4},"end":{"line":250,"column":5}},{"start":{},"end":{}}],"line":247},"33":{"loc":{"start":{"line":248,"column":34},"end":{"line":248,"column":77}},"type":"binary-expr","locations":[{"start":{"line":248,"column":34},"end":{"line":248,"column":69}},{"start":{"line":248,"column":73},"end":{"line":248,"column":77}}],"line":248},"34":{"loc":{"start":{"line":253,"column":4},"end":{"line":259,"column":5}},"type":"if","locations":[{"start":{"line":253,"column":4},"end":{"line":259,"column":5}},{"start":{},"end":{}}],"line":253},"35":{"loc":{"start":{"line":256,"column":8},"end":{"line":256,"column":45}},"type":"binary-expr","locations":[{"start":{"line":256,"column":8},"end":{"line":256,"column":27}},{"start":{"line":256,"column":31},"end":{"line":256,"column":45}}],"line":256},"36":{"loc":{"start":{"line":257,"column":8},"end":{"line":257,"column":42}},"type":"binary-expr","locations":[{"start":{"line":257,"column":8},"end":{"line":257,"column":24}},{"start":{"line":257,"column":28},"end":{"line":257,"column":42}}],"line":257},"37":{"loc":{"start":{"line":262,"column":4},"end":{"line":268,"column":5}},"type":"if","locations":[{"start":{"line":262,"column":4},"end":{"line":268,"column":5}},{"start":{},"end":{}}],"line":262},"38":{"loc":{"start":{"line":265,"column":8},"end":{"line":265,"column":45}},"type":"binary-expr","locations":[{"start":{"line":265,"column":8},"end":{"line":265,"column":27}},{"start":{"line":265,"column":31},"end":{"line":265,"column":45}}],"line":265},"39":{"loc":{"start":{"line":266,"column":8},"end":{"line":266,"column":42}},"type":"binary-expr","locations":[{"start":{"line":266,"column":8},"end":{"line":266,"column":24}},{"start":{"line":266,"column":28},"end":{"line":266,"column":42}}],"line":266},"40":{"loc":{"start":{"line":271,"column":4},"end":{"line":273,"column":5}},"type":"if","locations":[{"start":{"line":271,"column":4},"end":{"line":273,"column":5}},{"start":{},"end":{}}],"line":271},"41":{"loc":{"start":{"line":276,"column":4},"end":{"line":278,"column":5}},"type":"if","locations":[{"start":{"line":276,"column":4},"end":{"line":278,"column":5}},{"start":{},"end":{}}],"line":276},"42":{"loc":{"start":{"line":276,"column":8},"end":{"line":276,"column":40}},"type":"binary-expr","locations":[{"start":{"line":276,"column":8},"end":{"line":276,"column":12}},{"start":{"line":276,"column":16},"end":{"line":276,"column":40}}],"line":276},"43":{"loc":{"start":{"line":286,"column":47},"end":{"line":286,"column":79}},"type":"default-arg","locations":[{"start":{"line":286,"column":68},"end":{"line":286,"column":79}}],"line":286},"44":{"loc":{"start":{"line":300,"column":8},"end":{"line":307,"column":9}},"type":"if","locations":[{"start":{"line":300,"column":8},"end":{"line":307,"column":9}},{"start":{},"end":{}}],"line":300},"45":{"loc":{"start":{"line":301,"column":10},"end":{"line":304,"column":32}},"type":"binary-expr","locations":[{"start":{"line":301,"column":10},"end":{"line":301,"column":33}},{"start":{"line":302,"column":10},"end":{"line":302,"column":31}},{"start":{"line":303,"column":10},"end":{"line":303,"column":30}},{"start":{"line":304,"column":10},"end":{"line":304,"column":32}}],"line":301},"46":{"loc":{"start":{"line":310,"column":8},"end":{"line":312,"column":9}},"type":"if","locations":[{"start":{"line":310,"column":8},"end":{"line":312,"column":9}},{"start":{},"end":{}}],"line":310},"47":{"loc":{"start":{"line":315,"column":8},"end":{"line":317,"column":9}},"type":"if","locations":[{"start":{"line":315,"column":8},"end":{"line":317,"column":9}},{"start":{},"end":{}}],"line":315},"48":{"loc":{"start":{"line":320,"column":8},"end":{"line":322,"column":9}},"type":"if","locations":[{"start":{"line":320,"column":8},"end":{"line":322,"column":9}},{"start":{},"end":{}}],"line":320},"49":{"loc":{"start":{"line":330,"column":10},"end":{"line":330,"column":57}},"type":"binary-expr","locations":[{"start":{"line":330,"column":10},"end":{"line":330,"column":19}},{"start":{"line":330,"column":23},"end":{"line":330,"column":57}}],"line":330},"50":{"loc":{"start":{"line":344,"column":4},"end":{"line":346,"column":5}},"type":"if","locations":[{"start":{"line":344,"column":4},"end":{"line":346,"column":5}},{"start":{},"end":{}}],"line":344},"51":{"loc":{"start":{"line":345,"column":45},"end":{"line":345,"column":95}},"type":"cond-expr","locations":[{"start":{"line":345,"column":52},"end":{"line":345,"column":90}},{"start":{"line":345,"column":93},"end":{"line":345,"column":95}}],"line":345},"52":{"loc":{"start":{"line":350,"column":4},"end":{"line":352,"column":5}},"type":"if","locations":[{"start":{"line":350,"column":4},"end":{"line":352,"column":5}},{"start":{},"end":{}}],"line":350},"53":{"loc":{"start":{"line":356,"column":4},"end":{"line":359,"column":5}},"type":"if","locations":[{"start":{"line":356,"column":4},"end":{"line":359,"column":5}},{"start":{},"end":{}}],"line":356},"54":{"loc":{"start":{"line":357,"column":19},"end":{"line":357,"column":69}},"type":"cond-expr","locations":[{"start":{"line":357,"column":47},"end":{"line":357,"column":57}},{"start":{"line":357,"column":60},"end":{"line":357,"column":69}}],"line":357}},"s":{"0":1,"1":1,"2":1,"3":1,"4":1,"5":1,"6":30,"7":1,"8":30,"9":25,"10":25,"11":25,"12":29,"13":29,"14":29,"15":29,"16":29,"17":1,"18":29,"19":29,"20":24,"21":24,"22":14,"23":14,"24":15,"25":15,"26":20,"27":3,"28":1,"29":1,"30":28,"31":0,"32":28,"33":28,"34":25,"35":3,"36":1,"37":0,"38":1,"39":1,"40":1,"41":1,"42":1,"43":1,"44":0,"45":0,"46":0,"47":0,"48":0,"49":0,"50":1,"51":1,"52":1,"53":1,"54":1,"55":29,"56":29,"57":28,"58":28,"59":3,"60":29,"61":24,"62":0,"63":24,"64":24,"65":24,"66":0,"67":24,"68":1,"69":1,"70":0,"71":1,"72":23,"73":1,"74":22,"75":2,"76":20,"77":1,"78":1,"79":19,"80":3,"81":16,"82":2,"83":14,"84":12,"85":2,"86":2,"87":0,"88":25,"89":25,"90":25,"91":29,"92":29,"93":15,"94":15,"95":6,"96":9,"97":0,"98":9,"99":0,"100":9,"101":5,"102":4,"103":4,"104":0,"105":4,"106":4,"107":29,"108":29,"109":14,"110":14,"111":0,"112":0,"113":0,"114":1,"115":1},"f":{"0":1,"1":30,"2":25,"3":29,"4":1,"5":20,"6":3,"7":1,"8":1,"9":28,"10":1,"11":1,"12":29,"13":24,"14":25,"15":4,"16":4,"17":29,"18":14,"19":0,"20":1,"21":1},"b":{"0":[1,29],"1":[0],"2":[24],"3":[13],"4":[24],"5":[24,1],"6":[5,24],"7":[8],"8":[1],"9":[1],"10":[1],"11":[0],"12":[0,28],"13":[25,3],"14":[0,1],"15":[1,0],"16":[1,0],"17":[0,0],"18":[0,0],"19":[0],"20":[28],"21":[28,1],"22":[3,25],"23":[0,24],"24":[24,10],"25":[23,1],"26":[1,23],"27":[1,22],"28":[1,0],"29":[2,20],"30":[2,0],"31":[2,0],"32":[1,19],"33":[1,0],"34":[3,16],"35":[3,0],"36":[3,0],"37":[2,14],"38":[2,0],"39":[2,0],"40":[12,2],"41":[2,0],"42":[2,2],"43":[0],"44":[6,9],"45":[15,10,10,7],"46":[0,9],"47":[0,9],"48":[5,4],"49":[0,0],"50":[29,0],"51":[4,25],"52":[14,0],"53":[0,0],"54":[0,0]},"_coverageSchema":"1a1c01bbd47fc00a2c39e90264f33305004495a9","hash":"574e2fce6b459400c2874bf872a80b029af3afa6"}
,"/Users/chipmcallister/Projects/PlayPBNow/lib/api/types.ts": {"path":"/Users/chipmcallister/Projects/PlayPBNow/lib/api/types.ts","statementMap":{"0":{"start":{"line":29,"column":4},"end":{"line":29,"column":19}},"1":{"start":{"line":30,"column":4},"end":{"line":30,"column":27}},"2":{"start":{"line":31,"column":4},"end":{"line":31,"column":52}},"3":{"start":{"line":43,"column":4},"end":{"line":43,"column":44}},"4":{"start":{"line":44,"column":4},"end":{"line":44,"column":34}},"5":{"start":{"line":45,"column":4},"end":{"line":45,"column":59}},"6":{"start":{"line":54,"column":4},"end":{"line":54,"column":38}},"7":{"start":{"line":55,"column":4},"end":{"line":55,"column":28}},"8":{"start":{"line":56,"column":4},"end":{"line":56,"column":53}},"9":{"start":{"line":65,"column":4},"end":{"line":65,"column":53}},"10":{"start":{"line":66,"column":4},"end":{"line":66,"column":32}},"11":{"start":{"line":67,"column":4},"end":{"line":67,"column":57}},"12":{"start":{"line":79,"column":4},"end":{"line":79,"column":44}},"13":{"start":{"line":80,"column":4},"end":{"line":80,"column":33}},"14":{"start":{"line":81,"column":4},"end":{"line":81,"column":58}},"15":{"start":{"line":90,"column":4},"end":{"line":90,"column":39}},"16":{"start":{"line":91,"column":4},"end":{"line":91,"column":31}},"17":{"start":{"line":92,"column":4},"end":{"line":92,"column":56}},"18":{"start":{"line":101,"column":4},"end":{"line":101,"column":68}},"19":{"start":{"line":102,"column":4},"end":{"line":102,"column":31}},"20":{"start":{"line":103,"column":4},"end":{"line":103,"column":56}}},"fnMap":{"0":{"name":"(anonymous_0)","decl":{"start":{"line":24,"column":2},"end":{"line":24,"column":3}},"loc":{"start":{"line":28,"column":4},"end":{"line":32,"column":3}},"line":28},"1":{"name":"(anonymous_1)","decl":{"start":{"line":39,"column":2},"end":{"line":39,"column":3}},"loc":{"start":{"line":42,"column":4},"end":{"line":46,"column":3}},"line":42},"2":{"name":"(anonymous_2)","decl":{"start":{"line":53,"column":2},"end":{"line":53,"column":3}},"loc":{"start":{"line":53,"column":48},"end":{"line":57,"column":3}},"line":53},"3":{"name":"(anonymous_3)","decl":{"start":{"line":64,"column":2},"end":{"line":64,"column":3}},"loc":{"start":{"line":64,"column":45},"end":{"line":68,"column":3}},"line":64},"4":{"name":"(anonymous_4)","decl":{"start":{"line":75,"column":2},"end":{"line":75,"column":3}},"loc":{"start":{"line":78,"column":4},"end":{"line":82,"column":3}},"line":78},"5":{"name":"(anonymous_5)","decl":{"start":{"line":89,"column":2},"end":{"line":89,"column":3}},"loc":{"start":{"line":89,"column":58},"end":{"line":93,"column":3}},"line":89},"6":{"name":"(anonymous_6)","decl":{"start":{"line":100,"column":2},"end":{"line":100,"column":3}},"loc":{"start":{"line":100,"column":39},"end":{"line":104,"column":3}},"line":100}},"branchMap":{"0":{"loc":{"start":{"line":27,"column":11},"end":{"line":27,"column":37}},"type":"default-arg","locations":[{"start":{"line":27,"column":26},"end":{"line":27,"column":37}}],"line":27},"1":{"loc":{"start":{"line":41,"column":11},"end":{"line":41,"column":48}},"type":"default-arg","locations":[{"start":{"line":41,"column":46},"end":{"line":41,"column":48}}],"line":41},"2":{"loc":{"start":{"line":53,"column":14},"end":{"line":53,"column":46}},"type":"default-arg","locations":[{"start":{"line":53,"column":32},"end":{"line":53,"column":46}}],"line":53},"3":{"loc":{"start":{"line":64,"column":14},"end":{"line":64,"column":43}},"type":"default-arg","locations":[{"start":{"line":64,"column":33},"end":{"line":64,"column":43}}],"line":64},"4":{"loc":{"start":{"line":76,"column":4},"end":{"line":76,"column":41}},"type":"default-arg","locations":[{"start":{"line":76,"column":22},"end":{"line":76,"column":41}}],"line":76},"5":{"loc":{"start":{"line":89,"column":14},"end":{"line":89,"column":56}},"type":"default-arg","locations":[{"start":{"line":89,"column":32},"end":{"line":89,"column":56}}],"line":89},"6":{"loc":{"start":{"line":100,"column":14},"end":{"line":100,"column":37}},"type":"default-arg","locations":[{"start":{"line":100,"column":32},"end":{"line":100,"column":37}}],"line":100}},"s":{"0":11,"1":11,"2":11,"3":2,"4":2,"5":2,"6":2,"7":2,"8":2,"9":1,"10":1,"11":1,"12":1,"13":1,"14":1,"15":0,"16":0,"17":0,"18":0,"19":0,"20":0},"f":{"0":11,"1":2,"2":2,"3":1,"4":1,"5":0,"6":0},"b":{"0":[0],"1":[0],"2":[0],"3":[0],"4":[0],"5":[0],"6":[0]},"_coverageSchema":"1a1c01bbd47fc00a2c39e90264f33305004495a9","hash":"2e64d927de09a044e12f900ced05330d82bfe9be"}
}
